#
# A fatal error has been detected by the Java Runtime Environment:
#
#  EXCEPTION_ACCESS_VIOLATION (0xc0000005) at pc=0x00007ff8fb67a40e, pid=13164, tid=13396
#
# JRE version: Java(TM) SE Runtime Environment (23.0.2+7) (build 23.0.2+7-58)
# Java VM: Java HotSpot(TM) 64-Bit Server VM (23.0.2+7-58, mixed mode, sharing, tiered, compressed oops, compressed class ptrs, g1 gc, windows-amd64)
# Problematic frame:
# V  [jvm.dll+0x32a40e]
#
# No core dump will be written. Minidumps are not enabled by default on client versions of Windows
#
# If you would like to submit a bug report, please visit:
#   https://bugreport.java.com/bugreport/crash.jsp
#

---------------  S U M M A R Y ------------

Command Line: -XX:+ShowCodeDetailsInExceptionMessages -agentlib:jdwp=transport=dt_socket,suspend=y,address=localhost:53741 -javaagent:C:\Tools\Eclipse-2025-06\eclipse\configuration\org.eclipse.osgi\442\0\.cp\lib\javaagent-shaded.jar -Dfile.encoding=UTF-8 -Dstdout.encoding=UTF-8 -Dstderr.encoding=UTF-8 com.example.auth.AuthServiceApplication

Host: Intel(R) Core(TM) i7-4870HQ CPU @ 2.50GHz, 8 cores, 15G,  Windows 11 , 64 bit Build 26100 (10.0.26100.4768)
Time: Thu Aug 28 20:42:16 2025 SE Asia Standard Time elapsed time: 4081.956560 seconds (0d 1h 8m 1s)

---------------  T H R E A D  ---------------

Current thread (0x000001377e7b34b0):  WorkerThread "GC Thread#5"    [id=13396, stack(0x0000001a7db00000,0x0000001a7dc00000) (1024K)]

Stack: [0x0000001a7db00000,0x0000001a7dc00000],  sp=0x0000001a7dbfdeb0,  free space=1015k
Native frames: (J=compiled Java code, j=interpreted, Vv=VM code, C=native code)
V  [jvm.dll+0x32a40e]  (no source info available)
V  [jvm.dll+0x340da9]  (no source info available)
V  [jvm.dll+0x340d12]  (no source info available)
V  [jvm.dll+0x313e50]  (no source info available)
V  [jvm.dll+0x314452]  (no source info available)
V  [jvm.dll+0x313f65]  (no source info available)
V  [jvm.dll+0x3ecca1]  (no source info available)
V  [jvm.dll+0x825816]  (no source info available)
V  [jvm.dll+0x82efa1]  (no source info available)
V  [jvm.dll+0x36cd2a]  (no source info available)
V  [jvm.dll+0x36cde4]  (no source info available)
V  [jvm.dll+0x3452c3]  (no source info available)
V  [jvm.dll+0x8ae927]  (no source info available)
V  [jvm.dll+0x8254cb]  (no source info available)
V  [jvm.dll+0x6df345]  (no source info available)
C  [ucrtbase.dll+0x37b0]  (no source info available)
C  [KERNEL32.DLL+0x2e8d7]  (no source info available)
C  [ntdll.dll+0x3c34c]  (no source info available)

JavaThread 0x0000013768ce9b90 (nid = 8012) was being processed
Java frames: (J=compiled Java code, j=interpreted, Vv=VM code)
j  java.lang.invoke.LambdaForm$DMH+0x000001371d220000.invokeVirtual(Ljava/lang/Object;Ljava/lang/Object;Ljava/lang/Object;)Ljava/lang/Object;+11 java.base@23.0.2
j  java.lang.invoke.LambdaForm$MH+0x000001371d124400.invoke(Ljava/lang/Object;Ljava/lang/Object;Ljava/lang/Object;)Ljava/lang/Object;+52 java.base@23.0.2
J 9309 c2 java.lang.reflect.Method.invoke(Ljava/lang/Object;[Ljava/lang/Object;)Ljava/lang/Object; java.base@23.0.2 (108 bytes) @ 0x0000013710592b64 [0x00000137105921c0+0x00000000000009a4]
j  org.springframework.web.method.support.InvocableHandlerMethod.doInvoke([Ljava/lang/Object;)Ljava/lang/Object;+55
j  org.springframework.web.method.support.InvocableHandlerMethod.invokeForRequest(Lorg/springframework/web/context/request/NativeWebRequest;Lorg/springframework/web/method/support/ModelAndViewContainer;[Ljava/lang/Object;)Ljava/lang/Object;+82
j  org.springframework.web.servlet.mvc.method.annotation.ServletInvocableHandlerMethod.invokeAndHandle(Lorg/springframework/web/context/request/ServletWebRequest;Lorg/springframework/web/method/support/ModelAndViewContainer;[Ljava/lang/Object;)V+4
j  org.springframework.web.servlet.mvc.method.annotation.RequestMappingHandlerAdapter.invokeHandlerMethod(Ljakarta/servlet/http/HttpServletRequest;Ljakarta/servlet/http/HttpServletResponse;Lorg/springframework/web/method/HandlerMethod;)Lorg/springframework/web/servlet/ModelAndView;+309
j  org.springframework.web.servlet.mvc.method.annotation.RequestMappingHandlerAdapter.handleInternal(Ljakarta/servlet/http/HttpServletRequest;Ljakarta/servlet/http/HttpServletResponse;Lorg/springframework/web/method/HandlerMethod;)Lorg/springframework/web/servlet/ModelAndView;+81
j  org.springframework.web.servlet.mvc.method.AbstractHandlerMethodAdapter.handle(Ljakarta/servlet/http/HttpServletRequest;Ljakarta/servlet/http/HttpServletResponse;Ljava/lang/Object;)Lorg/springframework/web/servlet/ModelAndView;+7
j  org.springframework.web.servlet.DispatcherServlet.doDispatch(Ljakarta/servlet/http/HttpServletRequest;Ljakarta/servlet/http/HttpServletResponse;)V+259
j  org.springframework.web.servlet.DispatcherServlet.doService(Ljakarta/servlet/http/HttpServletRequest;Ljakarta/servlet/http/HttpServletResponse;)V+242
j  org.springframework.web.servlet.FrameworkServlet.processRequest(Ljakarta/servlet/http/HttpServletRequest;Ljakarta/servlet/http/HttpServletResponse;)V+70
j  org.springframework.web.servlet.FrameworkServlet.doPost(Ljakarta/servlet/http/HttpServletRequest;Ljakarta/servlet/http/HttpServletResponse;)V+3
j  jakarta.servlet.http.HttpServlet.service(Ljakarta/servlet/http/HttpServletRequest;Ljakarta/servlet/http/HttpServletResponse;)V+150
j  org.springframework.web.servlet.FrameworkServlet.service(Ljakarta/servlet/http/HttpServletRequest;Ljakarta/servlet/http/HttpServletResponse;)V+20
j  jakarta.servlet.http.HttpServlet.service(Ljakarta/servlet/ServletRequest;Ljakarta/servlet/ServletResponse;)V+37
j  org.apache.catalina.core.ApplicationFilterChain.internalDoFilter(Ljakarta/servlet/ServletRequest;Ljakarta/servlet/ServletResponse;)V+300
j  org.apache.catalina.core.ApplicationFilterChain.doFilter(Ljakarta/servlet/ServletRequest;Ljakarta/servlet/ServletResponse;)V+99
j  org.apache.tomcat.websocket.server.WsFilter.doFilter(Ljakarta/servlet/ServletRequest;Ljakarta/servlet/ServletResponse;Ljakarta/servlet/FilterChain;)V+21
j  org.apache.catalina.core.ApplicationFilterChain.internalDoFilter(Ljakarta/servlet/ServletRequest;Ljakarta/servlet/ServletResponse;)V+130
j  org.apache.catalina.core.ApplicationFilterChain.doFilter(Ljakarta/servlet/ServletRequest;Ljakarta/servlet/ServletResponse;)V+99
j  org.springframework.web.filter.CompositeFilter$VirtualFilterChain.doFilter(Ljakarta/servlet/ServletRequest;Ljakarta/servlet/ServletResponse;)V+22
j  org.springframework.security.web.FilterChainProxy.lambda$doFilterInternal$3(Lorg/springframework/security/web/firewall/FirewalledRequest;Ljakarta/servlet/FilterChain;Ljakarta/servlet/ServletRequest;Ljakarta/servlet/ServletResponse;)V+35
j  org.springframework.security.web.FilterChainProxy$$Lambda+0x000001371da2de00.doFilter(Ljakarta/servlet/ServletRequest;Ljakarta/servlet/ServletResponse;)V+10
J 10911 c1 org.springframework.security.web.FilterChainProxy$VirtualFilterChain.doFilter(Ljakarta/servlet/ServletRequest;Ljakarta/servlet/ServletResponse;)V (111 bytes) @ 0x000001370885c7cc [0x000001370885bda0+0x0000000000000a2c]
j  org.springframework.security.web.access.intercept.AuthorizationFilter.doFilter(Ljakarta/servlet/ServletRequest;Ljakarta/servlet/ServletResponse;Ljakarta/servlet/FilterChain;)V+143
J 10911 c1 org.springframework.security.web.FilterChainProxy$VirtualFilterChain.doFilter(Ljakarta/servlet/ServletRequest;Ljakarta/servlet/ServletResponse;)V (111 bytes) @ 0x000001370885c6ec [0x000001370885bda0+0x000000000000094c]
j  org.springframework.security.web.access.ExceptionTranslationFilter.doFilter(Ljakarta/servlet/http/HttpServletRequest;Ljakarta/servlet/http/HttpServletResponse;Ljakarta/servlet/FilterChain;)V+3
j  org.springframework.security.web.access.ExceptionTranslationFilter.doFilter(Ljakarta/servlet/ServletRequest;Ljakarta/servlet/ServletResponse;Ljakarta/servlet/FilterChain;)V+10
J 10911 c1 org.springframework.security.web.FilterChainProxy$VirtualFilterChain.doFilter(Ljakarta/servlet/ServletRequest;Ljakarta/servlet/ServletResponse;)V (111 bytes) @ 0x000001370885c6ec [0x000001370885bda0+0x000000000000094c]
j  org.springframework.security.web.authentication.AnonymousAuthenticationFilter.doFilter(Ljakarta/servlet/ServletRequest;Ljakarta/servlet/ServletResponse;Ljakarta/servlet/FilterChain;)V+33
J 10911 c1 org.springframework.security.web.FilterChainProxy$VirtualFilterChain.doFilter(Ljakarta/servlet/ServletRequest;Ljakarta/servlet/ServletResponse;)V (111 bytes) @ 0x000001370885c6ec [0x000001370885bda0+0x000000000000094c]
j  org.springframework.security.web.servletapi.SecurityContextHolderAwareRequestFilter.doFilter(Ljakarta/servlet/ServletRequest;Ljakarta/servlet/ServletResponse;Ljakarta/servlet/FilterChain;)V+19
J 10911 c1 org.springframework.security.web.FilterChainProxy$VirtualFilterChain.doFilter(Ljakarta/servlet/ServletRequest;Ljakarta/servlet/ServletResponse;)V (111 bytes) @ 0x000001370885c6ec [0x000001370885bda0+0x000000000000094c]
j  org.springframework.security.web.savedrequest.RequestCacheAwareFilter.doFilter(Ljakarta/servlet/ServletRequest;Ljakarta/servlet/ServletResponse;Ljakarta/servlet/FilterChain;)V+32
J 10911 c1 org.springframework.security.web.FilterChainProxy$VirtualFilterChain.doFilter(Ljakarta/servlet/ServletRequest;Ljakarta/servlet/ServletResponse;)V (111 bytes) @ 0x000001370885c6ec [0x000001370885bda0+0x000000000000094c]
j  org.springframework.security.web.authentication.www.BasicAuthenticationFilter.doFilterInternal(Ljakarta/servlet/http/HttpServletRequest;Ljakarta/servlet/http/HttpServletResponse;Ljakarta/servlet/FilterChain;)V+31
J 11142 c1 org.springframework.web.filter.OncePerRequestFilter.doFilter(Ljakarta/servlet/ServletRequest;Ljakarta/servlet/ServletResponse;Ljakarta/servlet/FilterChain;)V (178 bytes) @ 0x000001370918e77c [0x000001370918d000+0x000000000000177c]
J 10911 c1 org.springframework.security.web.FilterChainProxy$VirtualFilterChain.doFilter(Ljakarta/servlet/ServletRequest;Ljakarta/servlet/ServletResponse;)V (111 bytes) @ 0x000001370885c6ec [0x000001370885bda0+0x000000000000094c]
j  org.springframework.security.web.authentication.logout.LogoutFilter.doFilter(Ljakarta/servlet/http/HttpServletRequest;Ljakarta/servlet/http/HttpServletResponse;Ljakarta/servlet/FilterChain;)V+83
j  org.springframework.security.web.authentication.logout.LogoutFilter.doFilter(Ljakarta/servlet/ServletRequest;Ljakarta/servlet/ServletResponse;Ljakarta/servlet/FilterChain;)V+10
J 10911 c1 org.springframework.security.web.FilterChainProxy$VirtualFilterChain.doFilter(Ljakarta/servlet/ServletRequest;Ljakarta/servlet/ServletResponse;)V (111 bytes) @ 0x000001370885c6ec [0x000001370885bda0+0x000000000000094c]
j  org.springframework.web.filter.CorsFilter.doFilterInternal(Ljakarta/servlet/http/HttpServletRequest;Ljakarta/servlet/http/HttpServletResponse;Ljakarta/servlet/FilterChain;)V+43
J 11142 c1 org.springframework.web.filter.OncePerRequestFilter.doFilter(Ljakarta/servlet/ServletRequest;Ljakarta/servlet/ServletResponse;Ljakarta/servlet/FilterChain;)V (178 bytes) @ 0x000001370918e77c [0x000001370918d000+0x000000000000177c]
J 10911 c1 org.springframework.security.web.FilterChainProxy$VirtualFilterChain.doFilter(Ljakarta/servlet/ServletRequest;Ljakarta/servlet/ServletResponse;)V (111 bytes) @ 0x000001370885c6ec [0x000001370885bda0+0x000000000000094c]
j  org.springframework.security.web.header.HeaderWriterFilter.doHeadersAfter(Ljakarta/servlet/http/HttpServletRequest;Ljakarta/servlet/http/HttpServletResponse;Ljakarta/servlet/FilterChain;)V+29
j  org.springframework.security.web.header.HeaderWriterFilter.doFilterInternal(Ljakarta/servlet/http/HttpServletRequest;Ljakarta/servlet/http/HttpServletResponse;Ljakarta/servlet/FilterChain;)V+21
J 11142 c1 org.springframework.web.filter.OncePerRequestFilter.doFilter(Ljakarta/servlet/ServletRequest;Ljakarta/servlet/ServletResponse;Ljakarta/servlet/FilterChain;)V (178 bytes) @ 0x000001370918e77c [0x000001370918d000+0x000000000000177c]
J 10911 c1 org.springframework.security.web.FilterChainProxy$VirtualFilterChain.doFilter(Ljakarta/servlet/ServletRequest;Ljakarta/servlet/ServletResponse;)V (111 bytes) @ 0x000001370885c6ec [0x000001370885bda0+0x000000000000094c]
j  org.springframework.security.web.context.SecurityContextHolderFilter.doFilter(Ljakarta/servlet/http/HttpServletRequest;Ljakarta/servlet/http/HttpServletResponse;Ljakarta/servlet/FilterChain;)V+59
j  org.springframework.security.web.context.SecurityContextHolderFilter.doFilter(Ljakarta/servlet/ServletRequest;Ljakarta/servlet/ServletResponse;Ljakarta/servlet/FilterChain;)V+10
J 10911 c1 org.springframework.security.web.FilterChainProxy$VirtualFilterChain.doFilter(Ljakarta/servlet/ServletRequest;Ljakarta/servlet/ServletResponse;)V (111 bytes) @ 0x000001370885c6ec [0x000001370885bda0+0x000000000000094c]
j  org.springframework.security.web.context.request.async.WebAsyncManagerIntegrationFilter.doFilterInternal(Ljakarta/servlet/http/HttpServletRequest;Ljakarta/servlet/http/HttpServletResponse;Ljakarta/servlet/FilterChain;)V+55
J 11142 c1 org.springframework.web.filter.OncePerRequestFilter.doFilter(Ljakarta/servlet/ServletRequest;Ljakarta/servlet/ServletResponse;Ljakarta/servlet/FilterChain;)V (178 bytes) @ 0x000001370918e77c [0x000001370918d000+0x000000000000177c]
J 10911 c1 org.springframework.security.web.FilterChainProxy$VirtualFilterChain.doFilter(Ljakarta/servlet/ServletRequest;Ljakarta/servlet/ServletResponse;)V (111 bytes) @ 0x000001370885c6ec [0x000001370885bda0+0x000000000000094c]
j  org.springframework.security.web.session.DisableEncodeUrlFilter.doFilterInternal(Ljakarta/servlet/http/HttpServletRequest;Ljakarta/servlet/http/HttpServletResponse;Ljakarta/servlet/FilterChain;)V+10
J 11142 c1 org.springframework.web.filter.OncePerRequestFilter.doFilter(Ljakarta/servlet/ServletRequest;Ljakarta/servlet/ServletResponse;Ljakarta/servlet/FilterChain;)V (178 bytes) @ 0x000001370918e77c [0x000001370918d000+0x000000000000177c]
J 10911 c1 org.springframework.security.web.FilterChainProxy$VirtualFilterChain.doFilter(Ljakarta/servlet/ServletRequest;Ljakarta/servlet/ServletResponse;)V (111 bytes) @ 0x000001370885c6ec [0x000001370885bda0+0x000000000000094c]
j  org.springframework.security.web.FilterChainProxy.doFilterInternal(Ljakarta/servlet/ServletRequest;Ljakarta/servlet/ServletResponse;Ljakarta/servlet/FilterChain;)V+163
j  org.springframework.security.web.FilterChainProxy.doFilter(Ljakarta/servlet/ServletRequest;Ljakarta/servlet/ServletResponse;Ljakarta/servlet/FilterChain;)V+48
j  org.springframework.web.filter.CompositeFilter$VirtualFilterChain.doFilter(Ljakarta/servlet/ServletRequest;Ljakarta/servlet/ServletResponse;)V+63
j  org.springframework.web.servlet.handler.HandlerMappingIntrospector.lambda$createCacheFilter$3(Ljakarta/servlet/ServletRequest;Ljakarta/servlet/ServletResponse;Ljakarta/servlet/FilterChain;)V+13
j  org.springframework.web.servlet.handler.HandlerMappingIntrospector$$Lambda+0x000001371d9d4240.doFilter(Ljakarta/servlet/ServletRequest;Ljakarta/servlet/ServletResponse;Ljakarta/servlet/FilterChain;)V+7
j  org.springframework.web.filter.CompositeFilter$VirtualFilterChain.doFilter(Ljakarta/servlet/ServletRequest;Ljakarta/servlet/ServletResponse;)V+63
j  org.springframework.web.filter.CompositeFilter.doFilter(Ljakarta/servlet/ServletRequest;Ljakarta/servlet/ServletResponse;Ljakarta/servlet/FilterChain;)V+14
j  org.springframework.security.config.annotation.web.configuration.WebMvcSecurityConfiguration$CompositeFilterChainProxy.doFilter(Ljakarta/servlet/ServletRequest;Ljakarta/servlet/ServletResponse;Ljakarta/servlet/FilterChain;)V+7
j  org.springframework.web.filter.DelegatingFilterProxy.invokeDelegate(Ljakarta/servlet/Filter;Ljakarta/servlet/ServletRequest;Ljakarta/servlet/ServletResponse;Ljakarta/servlet/FilterChain;)V+5
j  org.springframework.web.filter.DelegatingFilterProxy.doFilter(Ljakarta/servlet/ServletRequest;Ljakarta/servlet/ServletResponse;Ljakarta/servlet/FilterChain;)V+85
j  org.apache.catalina.core.ApplicationFilterChain.internalDoFilter(Ljakarta/servlet/ServletRequest;Ljakarta/servlet/ServletResponse;)V+130
j  org.apache.catalina.core.ApplicationFilterChain.doFilter(Ljakarta/servlet/ServletRequest;Ljakarta/servlet/ServletResponse;)V+99
j  org.springframework.web.filter.RequestContextFilter.doFilterInternal(Ljakarta/servlet/http/HttpServletRequest;Ljakarta/servlet/http/HttpServletResponse;Ljakarta/servlet/FilterChain;)V+21
J 11142 c1 org.springframework.web.filter.OncePerRequestFilter.doFilter(Ljakarta/servlet/ServletRequest;Ljakarta/servlet/ServletResponse;Ljakarta/servlet/FilterChain;)V (178 bytes) @ 0x000001370918e77c [0x000001370918d000+0x000000000000177c]
j  org.apache.catalina.core.ApplicationFilterChain.internalDoFilter(Ljakarta/servlet/ServletRequest;Ljakarta/servlet/ServletResponse;)V+130
j  org.apache.catalina.core.ApplicationFilterChain.doFilter(Ljakarta/servlet/ServletRequest;Ljakarta/servlet/ServletResponse;)V+99
j  org.springframework.web.filter.FormContentFilter.doFilterInternal(Ljakarta/servlet/http/HttpServletRequest;Ljakarta/servlet/http/HttpServletResponse;Ljakarta/servlet/FilterChain;)V+38
J 11142 c1 org.springframework.web.filter.OncePerRequestFilter.doFilter(Ljakarta/servlet/ServletRequest;Ljakarta/servlet/ServletResponse;Ljakarta/servlet/FilterChain;)V (178 bytes) @ 0x000001370918e77c [0x000001370918d000+0x000000000000177c]
j  org.apache.catalina.core.ApplicationFilterChain.internalDoFilter(Ljakarta/servlet/ServletRequest;Ljakarta/servlet/ServletResponse;)V+130
j  org.apache.catalina.core.ApplicationFilterChain.doFilter(Ljakarta/servlet/ServletRequest;Ljakarta/servlet/ServletResponse;)V+99
j  org.springframework.web.filter.CharacterEncodingFilter.doFilterInternal(Ljakarta/servlet/http/HttpServletRequest;Ljakarta/servlet/http/HttpServletResponse;Ljakarta/servlet/FilterChain;)V+53
J 11142 c1 org.springframework.web.filter.OncePerRequestFilter.doFilter(Ljakarta/servlet/ServletRequest;Ljakarta/servlet/ServletResponse;Ljakarta/servlet/FilterChain;)V (178 bytes) @ 0x000001370918e77c [0x000001370918d000+0x000000000000177c]
j  org.apache.catalina.core.ApplicationFilterChain.internalDoFilter(Ljakarta/servlet/ServletRequest;Ljakarta/servlet/ServletResponse;)V+130
j  org.apache.catalina.core.ApplicationFilterChain.doFilter(Ljakarta/servlet/ServletRequest;Ljakarta/servlet/ServletResponse;)V+99
j  org.apache.catalina.core.StandardWrapperValve.invoke(Lorg/apache/catalina/connector/Request;Lorg/apache/catalina/connector/Response;)V+514
j  org.apache.catalina.core.StandardContextValve.invoke(Lorg/apache/catalina/connector/Request;Lorg/apache/catalina/connector/Response;)V+169
j  org.apache.catalina.authenticator.AuthenticatorBase.invoke(Lorg/apache/catalina/connector/Request;Lorg/apache/catalina/connector/Response;)V+221
j  org.apache.catalina.core.StandardHostValve.invoke(Lorg/apache/catalina/connector/Request;Lorg/apache/catalina/connector/Response;)V+131
j  org.apache.catalina.valves.ErrorReportValve.invoke(Lorg/apache/catalina/connector/Request;Lorg/apache/catalina/connector/Response;)V+6
j  org.apache.catalina.core.StandardEngineValve.invoke(Lorg/apache/catalina/connector/Request;Lorg/apache/catalina/connector/Response;)V+59
j  org.apache.catalina.connector.CoyoteAdapter.service(Lorg/apache/coyote/Request;Lorg/apache/coyote/Response;)V+188
j  org.apache.coyote.http11.Http11Processor.service(Lorg/apache/tomcat/util/net/SocketWrapperBase;)Lorg/apache/tomcat/util/net/AbstractEndpoint$Handler$SocketState;+796
j  org.apache.coyote.AbstractProcessorLight.process(Lorg/apache/tomcat/util/net/SocketWrapperBase;Lorg/apache/tomcat/util/net/SocketEvent;)Lorg/apache/tomcat/util/net/AbstractEndpoint$Handler$SocketState;+155
j  org.apache.coyote.AbstractProtocol$ConnectionHandler.process(Lorg/apache/tomcat/util/net/SocketWrapperBase;Lorg/apache/tomcat/util/net/SocketEvent;)Lorg/apache/tomcat/util/net/AbstractEndpoint$Handler$SocketState;+482
j  org.apache.tomcat.util.net.NioEndpoint$SocketProcessor.doRun()V+249
j  org.apache.tomcat.util.net.SocketProcessorBase.run()V+32
j  org.apache.tomcat.util.threads.ThreadPoolExecutor.runWorker(Lorg/apache/tomcat/util/threads/ThreadPoolExecutor$Worker;)V+92
j  org.apache.tomcat.util.threads.ThreadPoolExecutor$Worker.run()V+5
j  org.apache.tomcat.util.threads.TaskThread$WrappingRunnable.run()V+4
j  java.lang.Thread.runWith(Ljava/lang/Object;Ljava/lang/Runnable;)V+5 java.base@23.0.2
j  java.lang.Thread.run()V+19 java.base@23.0.2
v  ~StubRoutines::call_stub 0x000001370fbb0fcd

siginfo: EXCEPTION_ACCESS_VIOLATION (0xc0000005), reading address 0xffffffffffffffff


Registers:
RAX=0x0000013717680000, RBX=0x000001377af21910, RCX=0x000000000000003e, RDX=0x0000000000000001
RSP=0x0000001a7dbfdeb0, RBP=0x0000001a7dbfe0a0, RSI=0x0000013765c0dba8, RDI=0x1fffffff1fd3fffe
R8 =0x04000136fb627ff8, R9 =0x00007ff8fb5bb130, R10=0x0000000000000001, R11=0x0000001a7dbfe0f8
R12=0x000001371b746c30, R13=0x000001371b747018, R14=0x0000000000000000, R15=0x000001371b746c40
RIP=0x00007ff8fb67a40e, EFLAGS=0x0000000000010202


Register to memory mapping:

RAX=0x0000013717680000 points into unknown readable memory: 0x0000000000000001 | 01 00 00 00 00 00 00 00
RBX=0x000001377af21910 points into unknown readable memory: 0x00007ff8fbd4d8b8 | b8 d8 d4 fb f8 7f 00 00
RCX=0x000000000000003e is an unknown value
RDX=0x0000000000000001 is an unknown value
RSP=0x0000001a7dbfdeb0 points into unknown readable memory: 0x00000000000003d8 | d8 03 00 00 00 00 00 00
RBP=0x0000001a7dbfe0a0 points into unknown readable memory: 0x0000000000000000 | 00 00 00 00 00 00 00 00
RSI=0x0000013765c0dba8 points into unknown readable memory: 0x00007ff8fbd4ef00 | 00 ef d4 fb f8 7f 00 00
RDI=0x1fffffff1fd3fffe is an unknown value
R8 =0x04000136fb627ff8 is an unknown value
R9 =0x00007ff8fb5bb130 jvm.dll
R10=0x0000000000000001 is an unknown value
R11=0x0000001a7dbfe0f8 points into unknown readable memory: 0x00007ff8fb663f65 | 65 3f 66 fb f8 7f 00 00
R12=0x000001371b746c30 points into unknown readable memory: 0x0000000000000000 | 00 00 00 00 00 00 00 00
R13=0x000001371b747018 points into unknown readable memory: 0x880002009141ac46 | 46 ac 41 91 00 02 00 88
R14=0x0 is null
R15=0x000001371b746c40 points into unknown readable memory: 0x00007ff8fbd27478 | 78 74 d2 fb f8 7f 00 00

Top of Stack: (sp=0x0000001a7dbfdeb0)
0x0000001a7dbfdeb0:   00000000000003d8 00007ff8fb66454a
0x0000001a7dbfdec0:   0000001a7dbfdfc0 0000001a7dbfe150
0x0000001a7dbfded0:   0000013765c0d600 00007ff8fb690da9
0x0000001a7dbfdee0:   fffffffffffffff7 000001371c179f28
0x0000001a7dbfdef0:   000001377e7b34b0 0000013700000003
0x0000001a7dbfdf00:   0000013765c0d600 00007ff8fb690d12
0x0000001a7dbfdf10:   fffffffffffffff7 0000013765c0dba8
0x0000001a7dbfdf20:   000001371c179f28 00007ff8fbd49880
0x0000001a7dbfdf30:   0000001a7dbfe028 00007ff8fb663e50
0x0000001a7dbfdf40:   0000001a7dbfe230 0000013765c0dba8
0x0000001a7dbfdf50:   00000000000009b8 0000013700000000
0x0000001a7dbfdf60:   000001371c57ae08 0000001300000001
0x0000001a7dbfdf70:   0000000000000055 0000000109c8e00c
0x0000001a7dbfdf80:   000001371c4a0090 0000000000000000
0x0000001a7dbfdf90:   0000000000000000 00007ff8fb664452
0x0000001a7dbfdfa0:   0000001a7dbfe230 0000013761655980
0x0000001a7dbfdfb0:   0000013761655980 00007ff8fb6bc88b
0x0000001a7dbfdfc0:   0000000b00000001 000001375de98280
0x0000001a7dbfdfd0:   000001377e7b34b0 0000013700000004
0x0000001a7dbfdfe0:   000001371c57ae08 00000000000003d8
0x0000001a7dbfdff0:   000001375de98273 00000137000000b8
0x0000001a7dbfe000:   000001375de98280 000001376948cf30
0x0000001a7dbfe010:   000001376948cf30 00007ff8fb664080
0x0000001a7dbfe020:   0000001a7dbfe150 000001371c57ae08
0x0000001a7dbfe030:   000001376948ce63 0000000000000000
0x0000001a7dbfe040:   0000013765c0dba8 00007f0000000002
0x0000001a7dbfe050:   0000001a7dbfe230 000001371c57ae08
0x0000001a7dbfe060:   0000001a7dbfe10c 0000000000000000
0x0000001a7dbfe070:   0000013700000003 000001371c241250
0x0000001a7dbfe080:   000001376167bea0 0000000000000001
0x0000001a7dbfe090:   000001371b747018 00007ff8fb4f3b54
0x0000001a7dbfe0a0:   0000000000000000 000001376948ce88 

Instructions: (pc=0x00007ff8fb67a40e)
0x00007ff8fb67a30e:   8b 6c 24 70 4d 8b f1 49 8b f0 4c 8b e2 4c 8b e9
0x00007ff8fb67a31e:   48 85 ed 74 7e 48 8b 81 80 00 00 00 33 d2 48 89
0x00007ff8fb67a32e:   5c 24 50 48 89 7c 24 58 4c 89 7c 24 60 44 8b 50
0x00007ff8fb67a33e:   20 8b 44 24 78 48 0f af c5 49 f7 f2 4c 8b f8 48
0x00007ff8fb67a34e:   8b d8 41 8b 3c 9e 48 85 f6 74 0e 8b d7 48 8b ce
0x00007ff8fb67a35e:   e8 9d 57 02 00 84 c0 74 19 49 8b 85 f0 01 00 00
0x00007ff8fb67a36e:   49 8b cc 4d 8b 04 24 48 8b 14 f8 41 ff 10 84 c0
0x00007ff8fb67a37e:   75 2e 48 8d 43 01 33 db 48 3b c5 48 0f 45 d8 49
0x00007ff8fb67a38e:   3b df 75 be 48 8b 7c 24 58 48 8b 5c 24 50 4c 8b
0x00007ff8fb67a39e:   7c 24 60 48 83 c4 20 41 5e 41 5d 41 5c 5e 5d c3
0x00007ff8fb67a3ae:   4c 8d 0d db 15 6d 00 ba c5 07 00 00 4c 8d 05 ef
0x00007ff8fb67a3be:   15 6d 00 48 8d 0d f8 0b 6d 00 e8 63 0b f5 ff cc
0x00007ff8fb67a3ce:   cc cc 48 89 5c 24 08 57 48 83 ec 20 48 8b 01 48
0x00007ff8fb67a3de:   8b fa 48 8b d9 ff 10 48 2b 7b 08 8b 4b 18 48 8b
0x00007ff8fb67a3ee:   43 20 48 c1 ef 03 48 d3 ef 40 0f b6 cf 48 8b d7
0x00007ff8fb67a3fe:   48 c1 ea 06 80 e1 3f 4c 8d 04 d0 ba 01 00 00 00
0x00007ff8fb67a40e:   49 8b 00 48 d3 e2 48 8b c8 48 0b ca 48 3b c8 74
0x00007ff8fb67a41e:   13 90 f0 49 0f b1 08 74 18 48 8b c8 48 0b ca 48
0x00007ff8fb67a42e:   3b c8 75 ee 32 c0 48 8b 5c 24 30 48 83 c4 20 5f
0x00007ff8fb67a43e:   c3 48 8b 5c 24 30 b0 01 48 83 c4 20 5f c3 cc cc
0x00007ff8fb67a44e:   cc cc 48 89 5c 24 08 57 48 83 ec 20 45 33 c0 8b
0x00007ff8fb67a45e:   fa b2 05 41 8d 48 20 e8 26 c5 d8 ff 48 8b d8 48
0x00007ff8fb67a46e:   85 c0 74 43 48 8d 05 07 15 6d 00 48 89 03 48 8b
0x00007ff8fb67a47e:   0d 05 e4 96 00 48 89 4b 08 85 ff 75 11 48 8b 0d
0x00007ff8fb67a48e:   f6 e3 96 00 48 8b 91 80 00 00 00 8b 7a 20 48 8d
0x00007ff8fb67a49e:   4b 10 8b d7 e8 39 51 02 00 48 8b c3 48 8b 5c 24
0x00007ff8fb67a4ae:   30 48 83 c4 20 5f c3 48 8b 5c 24 30 48 83 c4 20
0x00007ff8fb67a4be:   5f c3 4c 8b c9 4c 8b d2 8b 89 10 02 00 00 49 8b
0x00007ff8fb67a4ce:   81 08 02 00 00 48 d3 e0 8b 0d 24 0e 92 00 4c 2b
0x00007ff8fb67a4de:   c0 49 8b 81 f0 01 00 00 49 d3 e8 41 8b c8 4c 8b
0x00007ff8fb67a4ee:   42 60 48 8b 0c c8 8b 42 58 44 8b 49 30 44 3b c8
0x00007ff8fb67a4fe:   75 09 49 8d 40 01 48 89 42 60 c3 4d 85 c0 74 1d 


Stack slot to memory mapping:

stack at sp + 0 slots: 0x00000000000003d8 is an unknown value
stack at sp + 1 slots: 0x00007ff8fb66454a jvm.dll
stack at sp + 2 slots: 0x0000001a7dbfdfc0 points into unknown readable memory: 0x0000000b00000001 | 01 00 00 00 0b 00 00 00
stack at sp + 3 slots: 0x0000001a7dbfe150 points into unknown readable memory: 0x0000001a00000000 | 00 00 00 00 1a 00 00 00
stack at sp + 4 slots: 0x0000013765c0d600 points into unknown readable memory: 0x0000001a7c8ff420 | 20 f4 8f 7c 1a 00 00 00
stack at sp + 5 slots: 0x00007ff8fb690da9 jvm.dll
stack at sp + 6 slots: 0xfffffffffffffff7 is an unknown value
stack at sp + 7 slots: {method} {0x000001371c179f30} 'run' '()V' in 'java/lang/Thread'


---------------  P R O C E S S  ---------------

Threads class SMR info:
_java_thread_list=0x00000137697c44f0, length=17, elements={
0x000001377e7c91b0, 0x000001377e7cc4c0, 0x000001377e7ce8e0, 0x000001371b664490,
0x000001371b667640, 0x000001371b6685d0, 0x000001371b673710, 0x000001371b6741c0,
0x000001371b793710, 0x000001371b896f50, 0x000001371b91c040, 0x000001371b91e7f0,
0x00000137613aa540, 0x00000137612ce940, 0x00000137691ed6c0, 0x0000013768ce9b90,
0x0000013768ceb5d0
}

Java Threads: ( => current thread )
  0x000001377e7c91b0 JavaThread "Reference Handler"          daemon [_thread_blocked, id=8432, stack(0x0000001a7c900000,0x0000001a7ca00000) (1024K)]
  0x000001377e7cc4c0 JavaThread "Finalizer"                  daemon [_thread_blocked, id=5836, stack(0x0000001a7ca00000,0x0000001a7cb00000) (1024K)]
  0x000001377e7ce8e0 JavaThread "Signal Dispatcher"          daemon [_thread_blocked, id=14536, stack(0x0000001a7cb00000,0x0000001a7cc00000) (1024K)]
  0x000001371b664490 JavaThread "Attach Listener"            daemon [_thread_blocked, id=18084, stack(0x0000001a7cc00000,0x0000001a7cd00000) (1024K)]
  0x000001371b667640 JavaThread "Service Thread"             daemon [_thread_blocked, id=15156, stack(0x0000001a7cd00000,0x0000001a7ce00000) (1024K)]
  0x000001371b6685d0 JavaThread "Monitor Deflation Thread"   daemon [_thread_blocked, id=17832, stack(0x0000001a7ce00000,0x0000001a7cf00000) (1024K)]
  0x000001371b673710 JavaThread "C2 CompilerThread0"         daemon [_thread_blocked, id=14432, stack(0x0000001a7cf00000,0x0000001a7d000000) (1024K)]
  0x000001371b6741c0 JavaThread "C1 CompilerThread0"         daemon [_thread_blocked, id=7668, stack(0x0000001a7d000000,0x0000001a7d100000) (1024K)]
  0x000001371b793710 JavaThread "Common-Cleaner"             daemon [_thread_blocked, id=12380, stack(0x0000001a7d100000,0x0000001a7d200000) (1024K)]
  0x000001371b896f50 JavaThread "JDWP Transport Listener: dt_socket" daemon [_thread_blocked, id=17580, stack(0x0000001a7d200000,0x0000001a7d300000) (1024K)]
  0x000001371b91c040 JavaThread "JDWP Event Helper Thread"   daemon [_thread_blocked, id=17996, stack(0x0000001a7d300000,0x0000001a7d400000) (1024K)]
  0x000001371b91e7f0 JavaThread "JDWP Command Reader"        daemon [_thread_in_native, id=7424, stack(0x0000001a7d400000,0x0000001a7d500000) (1024K)]
  0x00000137613aa540 JavaThread "Notification Thread"        daemon [_thread_blocked, id=12676, stack(0x0000001a7d600000,0x0000001a7d700000) (1024K)]
  0x00000137612ce940 JavaThread "Live Reload Server"         daemon [_thread_in_native, id=10560, stack(0x0000001a7e900000,0x0000001a7ea00000) (1024K)]
  0x00000137691ed6c0 JavaThread "DestroyJavaVM"                     [_thread_blocked, id=11356, stack(0x0000001a7c100000,0x0000001a7c200000) (1024K)]
  0x0000013768ce9b90 JavaThread "http-nio-8081-exec-8"       daemon [_thread_blocked, id=8012, stack(0x0000001a7ee00000,0x0000001a7ef00000) (1024K)]
  0x0000013768ceb5d0 JavaThread "Thread-28"                         [_thread_blocked, id=8000, stack(0x0000001a7be00000,0x0000001a7bf00000) (1024K)]
Total: 17

Other Threads:
  0x000001377e7b2240 VMThread "VM Thread"                           [id=8768, stack(0x0000001a7c800000,0x0000001a7c900000) (1024K)]
  0x000001377e79d310 WatcherThread "VM Periodic Task Thread"        [id=13196, stack(0x0000001a7c700000,0x0000001a7c800000) (1024K)]
  0x000001377af21200 WorkerThread "GC Thread#0"                     [id=11396, stack(0x0000001a7c200000,0x0000001a7c300000) (1024K)]
  0x000001377e7b2d50 WorkerThread "GC Thread#1"                     [id=3712, stack(0x0000001a7d700000,0x0000001a7d800000) (1024K)]
  0x000001377e7b25f0 WorkerThread "GC Thread#2"                     [id=16284, stack(0x0000001a7d800000,0x0000001a7d900000) (1024K)]
  0x000001377e7b3100 WorkerThread "GC Thread#3"                     [id=14304, stack(0x0000001a7d900000,0x0000001a7da00000) (1024K)]
  0x000001377e7b3860 WorkerThread "GC Thread#4"                     [id=1320, stack(0x0000001a7da00000,0x0000001a7db00000) (1024K)]
=>0x000001377e7b34b0 WorkerThread "GC Thread#5"                     [id=13396, stack(0x0000001a7db00000,0x0000001a7dc00000) (1024K)]
  0x000001377e7b29a0 WorkerThread "GC Thread#6"                     [id=16820, stack(0x0000001a7dc00000,0x0000001a7dd00000) (1024K)]
  0x000001377e7b1e90 WorkerThread "GC Thread#7"                     [id=15024, stack(0x0000001a7dd00000,0x0000001a7de00000) (1024K)]
  0x000001377af37020 ConcurrentGCThread "G1 Main Marker"            [id=11048, stack(0x0000001a7c300000,0x0000001a7c400000) (1024K)]
  0x000001377af382d0 WorkerThread "G1 Conc#0"                       [id=5424, stack(0x0000001a7c400000,0x0000001a7c500000) (1024K)]
  0x0000013761f84500 WorkerThread "G1 Conc#1"                       [id=1672, stack(0x0000001a7e200000,0x0000001a7e300000) (1024K)]
  0x000001377af6ea50 ConcurrentGCThread "G1 Refine#0"               [id=10092, stack(0x0000001a7c500000,0x0000001a7c600000) (1024K)]
  0x000001377e65d970 ConcurrentGCThread "G1 Service"                [id=10184, stack(0x0000001a7c600000,0x0000001a7c700000) (1024K)]
Total: 15

Threads with active compile tasks:
Total: 0

VM state: at safepoint (normal execution)

VM Mutex/Monitor currently owned by a thread:  ([mutex/lock_event])
[0x00007ff8fbfc4888] Threads_lock - owner thread: 0x000001377e7b2240
[0x00007ff8fbfc4988] Heap_lock - owner thread: 0x0000013768ceb5d0

Heap address: 0x0000000701600000, size: 4074 MB, Compressed Oops mode: Zero based, Oop shift amount: 3

CDS archive(s) mapped at: [0x000001371c000000-0x000001371cd70000-0x000001371cd70000), size 14090240, SharedBaseAddress: 0x000001371c000000, ArchiveRelocationMode: 1.
Compressed class space mapped at: 0x000001371d000000-0x000001375d000000, reserved size: 1073741824
Narrow klass base: 0x000001371c000000, Narrow klass shift: 0, Narrow klass range: 0x41000000

GC Precious Log:
 CardTable entry size: 512
 Card Set container configuration: InlinePtr #cards 4 size 8 Array Of Cards #cards 16 size 48 Howl #buckets 8 coarsen threshold 3686 Howl Bitmap #cards 512 size 80 coarsen threshold 460 Card regions per heap region 1 cards per card region 4096
 CPUs: 8 total, 8 available
 Memory: 16292M
 Large Page Support: Disabled
 NUMA Support: Disabled
 Compressed Oops: Enabled (Zero based)
 Heap Region Size: 2M
 Heap Min Capacity: 8M
 Heap Initial Capacity: 256M
 Heap Max Capacity: 4074M
 Pre-touch: Disabled
 Parallel Workers: 8
 Concurrent Workers: 2
 Concurrent Refinement Workers: 8
 Periodic GC: Disabled

Heap:
 garbage-first heap   total reserved 4171776K, committed 96256K, used 55646K [0x0000000701600000, 0x0000000800000000)
  region size 2048K, 13 young (26624K), 1 survivors (2048K)
 Metaspace       used 83238K, committed 84032K, reserved 1179648K
  class space    used 11142K, committed 11456K, reserved 1048576K

Heap Regions: E=young(eden), S=young(survivor), O=old, HS=humongous(starts), HC=humongous(continues), CS=collection set, F=free, TAMS=top-at-mark-start, PB=parsable bottom
|   0|0x0000000701600000, 0x0000000701800000, 0x0000000701800000|100%| O|  |TAMS 0x0000000701600000| PB 0x0000000701800000| Untracked |  0
|   1|0x0000000701800000, 0x00000007019ffff0, 0x0000000701a00000| 99%| O|  |TAMS 0x0000000701800000| PB 0x00000007019ffff0| Untracked |  0
|   2|0x0000000701a00000, 0x0000000701c00000, 0x0000000701c00000|100%| O|  |TAMS 0x0000000701a00000| PB 0x0000000701c00000| Untracked |  0
|   3|0x0000000701c00000, 0x0000000701dfffe8, 0x0000000701e00000| 99%| O|  |TAMS 0x0000000701c00000| PB 0x0000000701dfffe8| Untracked |  0
|   4|0x0000000701e00000, 0x0000000701fffff8, 0x0000000702000000| 99%| O|  |TAMS 0x0000000701e00000| PB 0x0000000701fffff8| Untracked |  0
|   5|0x0000000702000000, 0x00000007021fffe8, 0x0000000702200000| 99%| O|  |TAMS 0x0000000702000000| PB 0x00000007021fffe8| Untracked |  0
|   6|0x0000000702200000, 0x00000007023ffff8, 0x0000000702400000| 99%| O|  |TAMS 0x0000000702200000| PB 0x00000007023ffff8| Untracked |  0
|   7|0x0000000702400000, 0x0000000702600000, 0x0000000702600000|100%| O|  |TAMS 0x0000000702400000| PB 0x0000000702600000| Untracked |  0
|   8|0x0000000702600000, 0x00000007027fffe8, 0x0000000702800000| 99%| O|  |TAMS 0x0000000702600000| PB 0x00000007027fffe8| Untracked |  0
|   9|0x0000000702800000, 0x00000007029ffff8, 0x0000000702a00000| 99%| O|  |TAMS 0x0000000702800000| PB 0x00000007029ffff8| Untracked |  0
|  10|0x0000000702a00000, 0x0000000702c00000, 0x0000000702c00000|100%| O|  |TAMS 0x0000000702a00000| PB 0x0000000702c00000| Untracked |  0
|  11|0x0000000702c00000, 0x0000000702df4b50, 0x0000000702e00000| 97%| O|  |TAMS 0x0000000702c00000| PB 0x0000000702df4b50| Untracked |  0
|  12|0x0000000702e00000, 0x0000000702f33b50, 0x0000000703000000| 60%| O|  |TAMS 0x0000000702e00000| PB 0x0000000702f33b50| Untracked |  0
|  13|0x0000000703000000, 0x00000007030374b0, 0x0000000703200000| 10%| O|  |TAMS 0x0000000703000000| PB 0x00000007030374b0| Untracked |  0
|  14|0x0000000703200000, 0x00000007032c1a28, 0x0000000703400000| 37%| O|  |TAMS 0x0000000703200000| PB 0x00000007032c1a28| Untracked |  0
|  15|0x0000000703400000, 0x0000000703600000, 0x0000000703600000|100%| O|  |TAMS 0x0000000703400000| PB 0x0000000703600000| Untracked |  0
|  16|0x0000000703600000, 0x00000007037f3e00, 0x0000000703800000| 97%| O|  |TAMS 0x0000000703600000| PB 0x00000007037f3e00| Untracked |  0
|  17|0x0000000703800000, 0x0000000703800000, 0x0000000703a00000|  0%| F|  |TAMS 0x0000000703800000| PB 0x0000000703800000| Untracked |  0
|  18|0x0000000703a00000, 0x0000000703a00000, 0x0000000703c00000|  0%| F|  |TAMS 0x0000000703a00000| PB 0x0000000703a00000| Untracked |  0
|  19|0x0000000703c00000, 0x0000000703c00000, 0x0000000703e00000|  0%| F|  |TAMS 0x0000000703c00000| PB 0x0000000703c00000| Untracked |  0
|  20|0x0000000703e00000, 0x0000000703e00000, 0x0000000704000000|  0%| F|  |TAMS 0x0000000703e00000| PB 0x0000000703e00000| Untracked |  0
|  21|0x0000000704000000, 0x0000000704000000, 0x0000000704200000|  0%| F|  |TAMS 0x0000000704000000| PB 0x0000000704000000| Untracked |  0
|  22|0x0000000704200000, 0x0000000704200000, 0x0000000704400000|  0%| F|  |TAMS 0x0000000704200000| PB 0x0000000704200000| Untracked |  0
|  23|0x0000000704400000, 0x00000007045d4c30, 0x0000000704600000| 91%| S|  |TAMS 0x0000000704400000| PB 0x00000007045d4c30| Complete |  0
|  24|0x0000000704600000, 0x0000000704600000, 0x0000000704800000|  0%| F|  |TAMS 0x0000000704600000| PB 0x0000000704600000| Untracked |  0
|  25|0x0000000704800000, 0x0000000704800000, 0x0000000704a00000|  0%| F|  |TAMS 0x0000000704800000| PB 0x0000000704800000| Untracked |  0
|  26|0x0000000704a00000, 0x0000000704a00000, 0x0000000704c00000|  0%| F|  |TAMS 0x0000000704a00000| PB 0x0000000704a00000| Untracked |  0
|  27|0x0000000704c00000, 0x0000000704c00000, 0x0000000704e00000|  0%| F|  |TAMS 0x0000000704c00000| PB 0x0000000704c00000| Untracked |  0
|  28|0x0000000704e00000, 0x0000000704e00000, 0x0000000705000000|  0%| F|  |TAMS 0x0000000704e00000| PB 0x0000000704e00000| Untracked |  0
|  29|0x0000000705000000, 0x0000000705000000, 0x0000000705200000|  0%| F|  |TAMS 0x0000000705000000| PB 0x0000000705000000| Untracked |  0
|  30|0x0000000705200000, 0x0000000705200000, 0x0000000705400000|  0%| F|  |TAMS 0x0000000705200000| PB 0x0000000705200000| Untracked |  0
|  31|0x0000000705400000, 0x0000000705400000, 0x0000000705600000|  0%| F|  |TAMS 0x0000000705400000| PB 0x0000000705400000| Untracked |  0
|  32|0x0000000705600000, 0x0000000705600000, 0x0000000705800000|  0%| F|  |TAMS 0x0000000705600000| PB 0x0000000705600000| Untracked |  0
|  33|0x0000000705800000, 0x0000000705800000, 0x0000000705a00000|  0%| F|  |TAMS 0x0000000705800000| PB 0x0000000705800000| Untracked |  0
|  34|0x0000000705a00000, 0x0000000705a00000, 0x0000000705c00000|  0%| F|  |TAMS 0x0000000705a00000| PB 0x0000000705a00000| Untracked |  0
|  35|0x0000000705c00000, 0x0000000705c6dc78, 0x0000000705e00000| 21%| E|  |TAMS 0x0000000705c00000| PB 0x0000000705c6dc78| Complete |  0
|  36|0x0000000705e00000, 0x0000000706000000, 0x0000000706000000|100%| E|  |TAMS 0x0000000705e00000| PB 0x0000000706000000| Complete |  0
|  37|0x0000000706000000, 0x0000000706200000, 0x0000000706200000|100%| E|  |TAMS 0x0000000706000000| PB 0x0000000706200000| Complete |  0
|  38|0x0000000706200000, 0x0000000706400000, 0x0000000706400000|100%| E|  |TAMS 0x0000000706200000| PB 0x0000000706400000| Complete |  0
|  39|0x0000000706400000, 0x0000000706600000, 0x0000000706600000|100%| E|  |TAMS 0x0000000706400000| PB 0x0000000706600000| Complete |  0
|  40|0x0000000706600000, 0x0000000706800000, 0x0000000706800000|100%| E|  |TAMS 0x0000000706600000| PB 0x0000000706800000| Complete |  0
|  41|0x0000000706800000, 0x0000000706a00000, 0x0000000706a00000|100%| E|  |TAMS 0x0000000706800000| PB 0x0000000706a00000| Complete |  0
|  42|0x0000000706a00000, 0x0000000706c00000, 0x0000000706c00000|100%| E|  |TAMS 0x0000000706a00000| PB 0x0000000706c00000| Complete |  0
|  43|0x0000000706c00000, 0x0000000706e00000, 0x0000000706e00000|100%| E|  |TAMS 0x0000000706c00000| PB 0x0000000706e00000| Complete |  0
|  44|0x0000000706e00000, 0x0000000707000000, 0x0000000707000000|100%| E|  |TAMS 0x0000000706e00000| PB 0x0000000707000000| Complete |  0
|  45|0x0000000707000000, 0x0000000707200000, 0x0000000707200000|100%| E|  |TAMS 0x0000000707000000| PB 0x0000000707200000| Complete |  0
|  46|0x0000000707200000, 0x0000000707400000, 0x0000000707400000|100%| E|  |TAMS 0x0000000707200000| PB 0x0000000707400000| Complete |  0

Card table byte_map: [0x000001377bbb0000,0x000001377c3b0000] _byte_map_base: 0x00000137783a5000

Marking Bits: (CMBitMap*) 0x000001377af21910
 Bits: [0x0000013717680000, 0x000001371b628000)

Polling page: 0x0000013779180000

Metaspace:

Usage:
  Non-class:     70.41 MB used.
      Class:     10.88 MB used.
       Both:     81.29 MB used.

Virtual space:
  Non-class space:      128.00 MB reserved,      70.88 MB ( 55%) committed,  2 nodes.
      Class space:        1.00 GB reserved,      11.19 MB (  1%) committed,  1 nodes.
             Both:        1.12 GB reserved,      82.06 MB (  7%) committed. 

Chunk freelists:
   Non-Class:  9.18 MB
       Class:  4.85 MB
        Both:  14.04 MB

MaxMetaspaceSize: unlimited
CompressedClassSpaceSize: 1.00 GB
Initial GC threshold: 21.00 MB
Current GC threshold: 134.69 MB
CDS: on
 - commit_granule_bytes: 65536.
 - commit_granule_words: 8192.
 - virtual_space_node_default_size: 8388608.
 - enlarge_chunks_in_place: 1.
 - use_allocation_guard: 0.


Internal statistics:

num_allocs_failed_limit: 9.
num_arena_births: 998.
num_arena_deaths: 10.
num_vsnodes_births: 3.
num_vsnodes_deaths: 0.
num_space_committed: 1313.
num_space_uncommitted: 0.
num_chunks_returned_to_freelist: 19.
num_chunks_taken_from_freelist: 4053.
num_chunk_merges: 9.
num_chunk_splits: 2880.
num_chunks_enlarged: 2263.
num_inconsistent_stats: 0.

CodeHeap 'non-profiled nmethods': size=120064Kb used=5318Kb max_used=5318Kb free=114745Kb
 bounds [0x0000013710140000, 0x0000013710680000, 0x0000013717680000]
CodeHeap 'profiled nmethods': size=120000Kb used=11661Kb max_used=11661Kb free=108339Kb
 bounds [0x0000013708680000, 0x00000137091f0000, 0x000001370fbb0000]
CodeHeap 'non-nmethods': size=5696Kb used=1777Kb max_used=1878Kb free=3918Kb
 bounds [0x000001370fbb0000, 0x000001370fe20000, 0x0000013710140000]
CodeCache: size=245760Kb, used=18756Kb, max_used=18857Kb, free=227002Kb
 total_blobs=8280, nmethods=7519, adapters=666, full_count=0
Compilation: enabled, stopped_count=0, restarted_count=0

Compilation events (20 events):
Event: 4079.602 Thread 0x000001371b6741c0 11358       3       com.zaxxer.hikari.pool.PoolBase::setNetworkTimeout (21 bytes)
Event: 4079.603 Thread 0x000001371b6741c0 nmethod 11358 0x00000137091ded08 code [0x00000137091dee40, 0x00000137091df068]
Event: 4079.603 Thread 0x000001371b6741c0 11359       3       org.h2.message.Trace::info (31 bytes)
Event: 4079.605 Thread 0x000001371b6741c0 nmethod 11359 0x00000137091df088 code [0x00000137091df200, 0x00000137091df6c0]
Event: 4079.606 Thread 0x000001371b6741c0 11360   !   3       java.io.PrintStream::write (94 bytes)
Event: 4079.610 Thread 0x000001371b673710 11366       4       java.util.concurrent.ThreadPoolExecutor$Worker::lock (6 bytes)
Event: 4079.611 Thread 0x000001371b6741c0 nmethod 11360 0x00000137091df788 code [0x00000137091dfa60, 0x00000137091e1048]
Event: 4079.612 Thread 0x000001371b6741c0 11363       3       java.time.Instant::query (63 bytes)
Event: 4079.614 Thread 0x000001371b6741c0 nmethod 11363 0x00000137091e1108 code [0x00000137091e12a0, 0x00000137091e18d8]
Event: 4079.614 Thread 0x000001371b6741c0 11364       3       java.time.temporal.TemporalQueries::precision (4 bytes)
Event: 4079.614 Thread 0x000001371b6741c0 nmethod 11364 0x00000137091e1988 code [0x00000137091e1aa0, 0x00000137091e1b98]
Event: 4079.614 Thread 0x000001371b6741c0 11365       3       java.time.temporal.TemporalQueries::zoneId (4 bytes)
Event: 4079.615 Thread 0x000001371b6741c0 nmethod 11365 0x00000137091e1c88 code [0x00000137091e1da0, 0x00000137091e1e98]
Event: 4079.615 Thread 0x000001371b6741c0 11361       3       java.io.PrintStream::implWrite (29 bytes)
Event: 4079.616 Thread 0x000001371b6741c0 nmethod 11361 0x00000137091e1f88 code [0x00000137091e2100, 0x00000137091e2568]
Event: 4079.616 Thread 0x000001371b6741c0 11362   !   3       java.lang.System$Out::write (31 bytes)
Event: 4079.618 Thread 0x000001371b6741c0 nmethod 11362 0x00000137091e2588 code [0x00000137091e2740, 0x00000137091e2ee0]
Event: 4079.618 Thread 0x000001371b6741c0 11368  s    3       org.apache.catalina.util.LifecycleBase::setState (8 bytes)
Event: 4079.619 Thread 0x000001371b6741c0 nmethod 11368 0x00000137091e2f88 code [0x00000137091e30c0, 0x00000137091e3380]
Event: 4079.620 Thread 0x000001371b673710 nmethod 11366 0x0000013710671688 code [0x00000137106717a0, 0x0000013710671958]

GC Heap History (20 events):
Event: 2180.015 GC heap after
{Heap after GC invocations=27 (full 2):
 garbage-first heap   total reserved 4171776K, committed 98304K, used 31431K [0x0000000701600000, 0x0000000800000000)
  region size 2048K, 3 young (6144K), 3 survivors (6144K)
 Metaspace       used 80409K, committed 81088K, reserved 1179648K
  class space    used 10981K, committed 11264K, reserved 1048576K
}
Event: 2225.610 GC heap before
{Heap before GC invocations=27 (full 2):
 garbage-first heap   total reserved 4171776K, committed 98304K, used 45767K [0x0000000701600000, 0x0000000800000000)
  region size 2048K, 11 young (22528K), 3 survivors (6144K)
 Metaspace       used 80483K, committed 81216K, reserved 1179648K
  class space    used 10985K, committed 11264K, reserved 1048576K
}
Event: 2225.691 GC heap after
{Heap after GC invocations=28 (full 3):
 garbage-first heap   total reserved 4171776K, committed 98304K, used 26135K [0x0000000701600000, 0x0000000800000000)
  region size 2048K, 0 young (0K), 0 survivors (0K)
 Metaspace       used 80480K, committed 81216K, reserved 1179648K
  class space    used 10984K, committed 11264K, reserved 1048576K
}
Event: 2226.367 GC heap before
{Heap before GC invocations=28 (full 3):
 garbage-first heap   total reserved 4171776K, committed 98304K, used 81431K [0x0000000701600000, 0x0000000800000000)
  region size 2048K, 27 young (55296K), 0 survivors (0K)
 Metaspace       used 80952K, committed 81600K, reserved 1179648K
  class space    used 11004K, committed 11264K, reserved 1048576K
}
Event: 2226.371 GC heap after
{Heap after GC invocations=29 (full 3):
 garbage-first heap   total reserved 4171776K, committed 98304K, used 31560K [0x0000000701600000, 0x0000000800000000)
  region size 2048K, 3 young (6144K), 3 survivors (6144K)
 Metaspace       used 80952K, committed 81600K, reserved 1179648K
  class space    used 11004K, committed 11264K, reserved 1048576K
}
Event: 2248.359 GC heap before
{Heap before GC invocations=29 (full 3):
 garbage-first heap   total reserved 4171776K, committed 98304K, used 47944K [0x0000000701600000, 0x0000000800000000)
  region size 2048K, 12 young (24576K), 3 survivors (6144K)
 Metaspace       used 81028K, committed 81728K, reserved 1179648K
  class space    used 11006K, committed 11264K, reserved 1048576K
}
Event: 2248.412 GC heap after
{Heap after GC invocations=30 (full 4):
 garbage-first heap   total reserved 4171776K, committed 98304K, used 26344K [0x0000000701600000, 0x0000000800000000)
  region size 2048K, 0 young (0K), 0 survivors (0K)
 Metaspace       used 81025K, committed 81728K, reserved 1179648K
  class space    used 11006K, committed 11264K, reserved 1048576K
}
Event: 2249.139 GC heap before
{Heap before GC invocations=30 (full 4):
 garbage-first heap   total reserved 4171776K, committed 98304K, used 79592K [0x0000000701600000, 0x0000000800000000)
  region size 2048K, 27 young (55296K), 0 survivors (0K)
 Metaspace       used 81476K, committed 82240K, reserved 1179648K
  class space    used 11024K, committed 11328K, reserved 1048576K
}
Event: 2249.145 GC heap after
{Heap after GC invocations=31 (full 4):
 garbage-first heap   total reserved 4171776K, committed 98304K, used 31834K [0x0000000701600000, 0x0000000800000000)
  region size 2048K, 3 young (6144K), 3 survivors (6144K)
 Metaspace       used 81476K, committed 82240K, reserved 1179648K
  class space    used 11024K, committed 11328K, reserved 1048576K
}
Event: 2291.729 GC heap before
{Heap before GC invocations=31 (full 4):
 garbage-first heap   total reserved 4171776K, committed 98304K, used 48218K [0x0000000701600000, 0x0000000800000000)
  region size 2048K, 12 young (24576K), 3 survivors (6144K)
 Metaspace       used 81558K, committed 82304K, reserved 1179648K
  class space    used 11025K, committed 11328K, reserved 1048576K
}
Event: 2291.802 GC heap after
{Heap after GC invocations=32 (full 5):
 garbage-first heap   total reserved 4171776K, committed 96256K, used 26546K [0x0000000701600000, 0x0000000800000000)
  region size 2048K, 0 young (0K), 0 survivors (0K)
 Metaspace       used 81555K, committed 82304K, reserved 1179648K
  class space    used 11025K, committed 11328K, reserved 1048576K
}
Event: 2292.372 GC heap before
{Heap before GC invocations=32 (full 5):
 garbage-first heap   total reserved 4171776K, committed 96256K, used 79794K [0x0000000701600000, 0x0000000800000000)
  region size 2048K, 27 young (55296K), 0 survivors (0K)
 Metaspace       used 81974K, committed 82688K, reserved 1179648K
  class space    used 11045K, committed 11328K, reserved 1048576K
}
Event: 2292.376 GC heap after
{Heap after GC invocations=33 (full 5):
 garbage-first heap   total reserved 4171776K, committed 96256K, used 31839K [0x0000000701600000, 0x0000000800000000)
  region size 2048K, 3 young (6144K), 3 survivors (6144K)
 Metaspace       used 81974K, committed 82688K, reserved 1179648K
  class space    used 11045K, committed 11328K, reserved 1048576K
}
Event: 2373.909 GC heap before
{Heap before GC invocations=33 (full 5):
 garbage-first heap   total reserved 4171776K, committed 96256K, used 48223K [0x0000000701600000, 0x0000000800000000)
  region size 2048K, 12 young (24576K), 3 survivors (6144K)
 Metaspace       used 82030K, committed 82752K, reserved 1179648K
  class space    used 11047K, committed 11328K, reserved 1048576K
}
Event: 2373.978 GC heap after
{Heap after GC invocations=34 (full 6):
 garbage-first heap   total reserved 4171776K, committed 96256K, used 26757K [0x0000000701600000, 0x0000000800000000)
  region size 2048K, 0 young (0K), 0 survivors (0K)
 Metaspace       used 82027K, committed 82752K, reserved 1179648K
  class space    used 11047K, committed 11328K, reserved 1048576K
}
Event: 2374.639 GC heap before
{Heap before GC invocations=34 (full 6):
 garbage-first heap   total reserved 4171776K, committed 96256K, used 77957K [0x0000000701600000, 0x0000000800000000)
  region size 2048K, 26 young (53248K), 0 survivors (0K)
 Metaspace       used 82398K, committed 83200K, reserved 1179648K
  class space    used 11065K, committed 11392K, reserved 1048576K
}
Event: 2374.645 GC heap after
{Heap after GC invocations=35 (full 6):
 garbage-first heap   total reserved 4171776K, committed 96256K, used 32055K [0x0000000701600000, 0x0000000800000000)
  region size 2048K, 3 young (6144K), 3 survivors (6144K)
 Metaspace       used 82398K, committed 83200K, reserved 1179648K
  class space    used 11065K, committed 11392K, reserved 1048576K
}
Event: 3702.128 GC heap before
{Heap before GC invocations=35 (full 6):
 garbage-first heap   total reserved 4171776K, committed 96256K, used 79159K [0x0000000701600000, 0x0000000800000000)
  region size 2048K, 26 young (53248K), 3 survivors (6144K)
 Metaspace       used 82729K, committed 83456K, reserved 1179648K
  class space    used 11091K, committed 11392K, reserved 1048576K
}
Event: 3702.134 GC heap after
{Heap after GC invocations=36 (full 6):
 garbage-first heap   total reserved 4171776K, committed 96256K, used 32679K [0x0000000701600000, 0x0000000800000000)
  region size 2048K, 1 young (2048K), 1 survivors (2048K)
 Metaspace       used 82729K, committed 83456K, reserved 1179648K
  class space    used 11091K, committed 11392K, reserved 1048576K
}
Event: 4081.914 GC heap before
{Heap before GC invocations=36 (full 6):
 garbage-first heap   total reserved 4171776K, committed 96256K, used 55207K [0x0000000701600000, 0x0000000800000000)
  region size 2048K, 13 young (26624K), 1 survivors (2048K)
 Metaspace       used 83238K, committed 84032K, reserved 1179648K
  class space    used 11142K, committed 11456K, reserved 1048576K
}

Dll operation events (13 events):
Event: 0.022 Loaded shared library C:\Tools\Java\jdk-23\bin\java.dll
Event: 0.086 Loaded shared library C:\Tools\Java\jdk-23\bin\jsvml.dll
Event: 0.598 Loaded shared library C:\Tools\Java\jdk-23\bin\zip.dll
Event: 0.605 Loaded shared library C:\Tools\Java\jdk-23\bin\instrument.dll
Event: 0.613 Loaded shared library C:\Tools\Java\jdk-23\bin\net.dll
Event: 0.615 Loaded shared library C:\Tools\Java\jdk-23\bin\nio.dll
Event: 0.620 Loaded shared library C:\Tools\Java\jdk-23\bin\zip.dll
Event: 0.922 Loaded shared library C:\Tools\Java\jdk-23\bin\jimage.dll
Event: 1.006 Loaded shared library C:\Tools\Java\jdk-23\bin\verify.dll
Event: 1.595 Loaded shared library C:\Tools\Java\jdk-23\bin\management.dll
Event: 1.598 Loaded shared library C:\Tools\Java\jdk-23\bin\management_ext.dll
Event: 4.150 Loaded shared library C:\Tools\Java\jdk-23\bin\sunmscapi.dll
Event: 11.078 Loaded shared library C:\Tools\Java\jdk-23\bin\extnet.dll

Deoptimization events (20 events):
Event: 4081.909 Thread 0x0000013768ceb5d0 DEOPT PACKING pc=0x0000013708be7044 sp=0x0000001a7befca10
Event: 4081.909 Thread 0x0000013768ceb5d0 DEOPT UNPACKING pc=0x000001370fc04b22 sp=0x0000001a7befbfc0 mode 1
Event: 4081.909 Thread 0x0000013768ceb5d0 DEOPT PACKING pc=0x0000013708ac0bb4 sp=0x0000001a7befcb80
Event: 4081.909 Thread 0x0000013768ceb5d0 DEOPT UNPACKING pc=0x000001370fc04b22 sp=0x0000001a7befc120 mode 1
Event: 4081.912 Thread 0x00000137691f32a0 Uncommon trap: trap_request=0xffffff97 fr.pc=0x000001371063ed78 relative=0x0000000000001258
Event: 4081.912 Thread 0x00000137691f32a0 Uncommon trap: reason=unhandled action=none pc=0x000001371063ed78 method=java.util.concurrent.locks.AbstractQueuedSynchronizer$ConditionObject.awaitNanos(J)J @ 171 c2
Event: 4081.912 Thread 0x00000137691f32a0 DEOPT PACKING pc=0x000001371063ed78 sp=0x0000001a7e1ff090
Event: 4081.912 Thread 0x00000137691f32a0 DEOPT UNPACKING pc=0x000001370fc04402 sp=0x0000001a7e1ff038 mode 2
Event: 4081.913 Thread 0x00000137691f32a0 DEOPT PACKING pc=0x0000013708f3621c sp=0x0000001a7e1ff130
Event: 4081.913 Thread 0x00000137691f1860 DEOPT PACKING pc=0x00000137103796cc sp=0x0000001a7e3ff0b0
Event: 4081.913 Thread 0x00000137691f32a0 DEOPT UNPACKING pc=0x000001370fc04b22 sp=0x0000001a7e1fe688 mode 1
Event: 4081.913 Thread 0x00000137691f1860 DEOPT UNPACKING pc=0x000001370fc04b22 sp=0x0000001a7e3fe4c0 mode 1
Event: 4081.913 Thread 0x00000137691f32a0 DEOPT PACKING pc=0x0000013708f376bc sp=0x0000001a7e1ff260
Event: 4081.913 Thread 0x00000137691f32a0 DEOPT UNPACKING pc=0x000001370fc04b22 sp=0x0000001a7e1fe6f8 mode 1
Event: 4081.913 Thread 0x00000137691ed030 DEOPT PACKING pc=0x0000013708f4ac24 sp=0x0000001a7e0ff160
Event: 4081.913 Thread 0x00000137691ed030 DEOPT UNPACKING pc=0x000001370fc04b22 sp=0x0000001a7e0fe690 mode 1
Event: 4081.913 Thread 0x00000137691ed030 DEOPT PACKING pc=0x0000013708f36124 sp=0x0000001a7e0ff260
Event: 4081.913 Thread 0x00000137691ed030 DEOPT UNPACKING pc=0x000001370fc04b22 sp=0x0000001a7e0fe7b8 mode 1
Event: 4081.913 Thread 0x00000137691ed030 DEOPT PACKING pc=0x0000013708f376bc sp=0x0000001a7e0ff390
Event: 4081.913 Thread 0x00000137691ed030 DEOPT UNPACKING pc=0x000001370fc04b22 sp=0x0000001a7e0fe828 mode 1

Classes loaded (20 events):
Event: 2117.261 Loading class java/lang/ref/Finalizer$1
Event: 2117.261 Loading class java/lang/ref/Finalizer$1 done
Event: 2117.829 Loading class java/util/WeakHashMap$EntrySet
Event: 2117.830 Loading class java/util/WeakHashMap$EntrySet done
Event: 2117.830 Loading class java/util/WeakHashMap$EntryIterator
Event: 2117.830 Loading class java/util/WeakHashMap$EntryIterator done
Event: 2226.061 Loading class java/lang/invoke/MethodHandleImpl$CountingWrapper$1
Event: 2226.061 Loading class java/lang/invoke/MethodHandleImpl$CountingWrapper$1 done
Event: 3702.236 Loading class jdk/internal/reflect/AccessorUtils
Event: 3702.236 Loading class jdk/internal/reflect/AccessorUtils done
Event: 3702.259 Loading class java/util/stream/ReferencePipeline$4
Event: 3702.259 Loading class java/util/stream/ReferencePipeline$4 done
Event: 3702.259 Loading class java/util/function/IntBinaryOperator
Event: 3702.259 Loading class java/util/function/IntBinaryOperator done
Event: 3702.259 Loading class java/util/stream/ReduceOps$7
Event: 3702.259 Loading class java/util/stream/ReduceOps$7 done
Event: 3702.260 Loading class java/util/stream/ReduceOps$6ReducingSink
Event: 3702.260 Loading class java/util/stream/ReduceOps$6ReducingSink done
Event: 3702.260 Loading class java/util/stream/ReferencePipeline$4$1
Event: 3702.260 Loading class java/util/stream/ReferencePipeline$4$1 done

Classes unloaded (5 events):
Event: 2179.195 Thread 0x000001377e7b2240 Unloading class 0x000001371dae8800 'org/apache/catalina/loader/JdbcLeakPrevention'
Event: 2225.652 Thread 0x000001377e7b2240 Unloading class 0x000001371daf2800 'org/apache/catalina/loader/JdbcLeakPrevention'
Event: 2248.382 Thread 0x000001377e7b2240 Unloading class 0x000001371daf8800 'org/apache/catalina/loader/JdbcLeakPrevention'
Event: 2291.766 Thread 0x000001377e7b2240 Unloading class 0x000001371dafc800 'org/apache/catalina/loader/JdbcLeakPrevention'
Event: 2373.941 Thread 0x000001377e7b2240 Unloading class 0x000001371db04000 'org/apache/catalina/loader/JdbcLeakPrevention'

Classes redefined (0 events):
No events

Internal exceptions (20 events):
Event: 2292.166 Thread 0x0000013768ce8e70 Exception <a 'java/io/FileNotFoundException'{0x00000007055dfa38}> (0x00000007055dfa38) 
thrown [s\open\src\hotspot\share\prims\jni.cpp, line 520]
Event: 2292.195 Thread 0x0000013768ce8e70 Exception <a 'java/io/FileNotFoundException'{0x0000000704f62100}> (0x0000000704f62100) 
thrown [s\open\src\hotspot\share\prims\jni.cpp, line 520]
Event: 2373.907 Thread 0x0000013768ce9b90 Exception <a 'java/lang/InterruptedException'{0x00000007063ebbb0}: sleep interrupted> (0x00000007063ebbb0) 
thrown [s\open\src\hotspot\share\prims\jvm.cpp, line 3093]
Event: 2373.996 Thread 0x00000137691f04b0 Exception <a 'sun/nio/fs/WindowsException'{0x00000007072a31f0}> (0x00000007072a31f0) 
thrown [s\open\src\hotspot\share\prims\jni.cpp, line 520]
Event: 2374.044 Thread 0x00000137691f04b0 Implicit null exception at 0x00000137105e88b0 to 0x00000137105f04f8
Event: 2374.045 Thread 0x00000137691f04b0 Implicit null exception at 0x00000137105ca96d to 0x00000137105d5330
Event: 2374.046 Thread 0x00000137691f04b0 Implicit null exception at 0x00000137105d9445 to 0x00000137105e47a4
Event: 2374.363 Thread 0x00000137691f04b0 Exception <a 'java/lang/NoClassDefFoundError'{0x0000000705b20998}: org/flywaydb/core/Flyway> (0x0000000705b20998) 
thrown [s\open\src\hotspot\share\oops\constantPool.cpp, line 867]
Event: 2374.365 Thread 0x00000137691f04b0 Exception <a 'java/lang/NoClassDefFoundError'{0x0000000705b20ff8}: liquibase/integration/spring/SpringLiquibase> (0x0000000705b20ff8) 
thrown [s\open\src\hotspot\share\oops\constantPool.cpp, line 867]
Event: 2374.370 Thread 0x00000137691f04b0 Exception <a 'java/lang/NoClassDefFoundError'{0x0000000705b6d938}: org/jooq/DSLContext> (0x0000000705b6d938) 
thrown [s\open\src\hotspot\share\oops\constantPool.cpp, line 867]
Event: 2374.371 Thread 0x00000137691f04b0 Exception <a 'java/lang/NoClassDefFoundError'{0x0000000705b74e40}: org/springframework/batch/core/repository/JobRepository> (0x0000000705b74e40) 
thrown [s\open\src\hotspot\share\oops\constantPool.cpp, line 867]
Event: 2374.372 Thread 0x00000137691f04b0 Exception <a 'java/lang/NoClassDefFoundError'{0x0000000705b75498}: org/quartz/Scheduler> (0x0000000705b75498) 
thrown [s\open\src\hotspot\share\oops\constantPool.cpp, line 867]
Event: 2374.373 Thread 0x00000137691f04b0 Exception <a 'java/lang/NoClassDefFoundError'{0x0000000705b75b18}: org/springframework/session/jdbc/JdbcIndexedSessionRepository> (0x0000000705b75b18) 
thrown [s\open\src\hotspot\share\oops\constantPool.cpp, line 867]
Event: 2374.424 Thread 0x00000137691f04b0 Exception <a 'java/io/FileNotFoundException'{0x00000007055ee278}> (0x00000007055ee278) 
thrown [s\open\src\hotspot\share\prims\jni.cpp, line 520]
Event: 2374.464 Thread 0x00000137691f04b0 Exception <a 'java/io/FileNotFoundException'{0x0000000704f6eed0}> (0x0000000704f6eed0) 
thrown [s\open\src\hotspot\share\prims\jni.cpp, line 520]
Event: 2518.413 Thread 0x00000137691f3fc0 Implicit null exception at 0x000001371047a977 to 0x000001371047ac24
Event: 3702.252 Thread 0x0000013768ce7430 Implicit null exception at 0x0000013710177f11 to 0x0000013710178628
Event: 3747.747 Thread 0x0000013768ce6710 Implicit null exception at 0x0000013710172e11 to 0x000001371017350c
Event: 3839.725 Thread 0x00000137691f4650 Exception <a 'java/lang/IncompatibleClassChangeError'{0x00000007067f7f00}: Found class java.lang.Object, but interface was expected> (0x00000007067f7f00) 
thrown [s\open\src\hotspot\share\interpreter\linkResolver.cpp, line 863]
Event: 4081.912 Thread 0x00000137691f1860 Exception <a 'java/lang/InterruptedException'{0x0000000705c431f8}: sleep interrupted> (0x0000000705c431f8) 
thrown [s\open\src\hotspot\share\prims\jvm.cpp, line 3093]

VM Operations (20 events):
Event: 4074.137 Executing VM operation: get/set locals done
Event: 4074.137 Executing VM operation: get/set locals
Event: 4074.138 Executing VM operation: get/set locals done
Event: 4074.138 Executing VM operation: get/set locals
Event: 4074.138 Executing VM operation: get/set locals done
Event: 4074.139 Executing VM operation: get/set locals
Event: 4074.139 Executing VM operation: get/set locals done
Event: 4074.140 Executing VM operation: get/set locals
Event: 4074.140 Executing VM operation: get/set locals done
Event: 4074.140 Executing VM operation: get/set locals
Event: 4074.140 Executing VM operation: get/set locals done
Event: 4075.162 Executing VM operation: get/set locals
Event: 4075.162 Executing VM operation: get/set locals done
Event: 4075.164 Executing VM operation: get/set locals
Event: 4075.164 Executing VM operation: get/set locals done
Event: 4075.165 Executing VM operation: get/set locals
Event: 4075.166 Executing VM operation: get/set locals done
Event: 4075.168 Executing VM operation: get/set locals
Event: 4075.168 Executing VM operation: get/set locals done
Event: 4081.914 Executing VM operation: G1CollectFull (System.gc())

Memory protections (0 events):
No events

Nmethod flushes (20 events):
Event: 2373.954 Thread 0x000001377e7b2240 flushing  nmethod 0x0000013709047a08
Event: 2373.954 Thread 0x000001377e7b2240 flushing  nmethod 0x0000013709047f08
Event: 2373.954 Thread 0x000001377e7b2240 flushing  nmethod 0x0000013709048308
Event: 2373.954 Thread 0x000001377e7b2240 flushing  nmethod 0x0000013709048688
Event: 2373.954 Thread 0x000001377e7b2240 flushing  nmethod 0x000001370905ac08
Event: 2373.954 Thread 0x000001377e7b2240 flushing  nmethod 0x000001370905f508
Event: 2373.954 Thread 0x000001377e7b2240 flushing  nmethod 0x0000013709060388
Event: 2373.954 Thread 0x000001377e7b2240 flushing  nmethod 0x0000013709075c08
Event: 2373.954 Thread 0x000001377e7b2240 flushing  nmethod 0x0000013709078f08
Event: 2373.954 Thread 0x000001377e7b2240 flushing  nmethod 0x00000137090b1d88
Event: 2373.954 Thread 0x000001377e7b2240 flushing  nmethod 0x00000137090c5a08
Event: 2373.954 Thread 0x000001377e7b2240 flushing  nmethod 0x00000137090c7c08
Event: 2373.954 Thread 0x000001377e7b2240 flushing  nmethod 0x00000137090d4d88
Event: 2373.954 Thread 0x000001377e7b2240 flushing  nmethod 0x00000137090d5088
Event: 2373.954 Thread 0x000001377e7b2240 flushing  nmethod 0x00000137090ec688
Event: 2373.954 Thread 0x000001377e7b2240 flushing  nmethod 0x00000137090ed388
Event: 2373.954 Thread 0x000001377e7b2240 flushing  nmethod 0x00000137090ee708
Event: 2373.954 Thread 0x000001377e7b2240 flushing  nmethod 0x000001370910a588
Event: 2373.954 Thread 0x000001377e7b2240 flushing  nmethod 0x000001370910bd88
Event: 2373.954 Thread 0x000001377e7b2240 flushing  nmethod 0x000001370910f588

Events (20 events):
Event: 3707.274 Thread 0x00000137671e4c30 Thread exited: 0x00000137671e4c30
Event: 4074.574 Thread 0x00000137691f2580 Thread added: 0x0000013768ceb5d0
Event: 4074.574 Thread 0x00000137691f2580 Thread exited: 0x00000137691f2580
Event: 4074.588 Thread 0x0000013768ced6a0 Thread exited: 0x0000013768ced6a0
Event: 4074.589 Thread 0x0000013768ced010 Thread exited: 0x0000013768ced010
Event: 4074.590 Thread 0x0000013768ce6710 Thread exited: 0x0000013768ce6710
Event: 4074.591 Thread 0x00000137691f4650 Thread exited: 0x00000137691f4650
Event: 4074.591 Thread 0x0000013768ce7430 Thread exited: 0x0000013768ce7430
Event: 4074.591 Thread 0x0000013768ce6da0 Thread exited: 0x0000013768ce6da0
Event: 4074.592 Thread 0x0000013768ce87e0 Thread exited: 0x0000013768ce87e0
Event: 4074.592 Thread 0x0000013768ce8e70 Thread exited: 0x0000013768ce8e70
Event: 4074.592 Thread 0x0000013768ce6080 Thread exited: 0x0000013768ce6080
Event: 4074.592 Thread 0x00000137691f3fc0 Thread exited: 0x00000137691f3fc0
Event: 4074.592 Thread 0x0000013768ce8150 Thread exited: 0x0000013768ce8150
Event: 4079.608 Thread 0x0000013768ceb5d0 Thread added: 0x0000013768ce7430
Event: 4079.611 Thread 0x00000137691efe20 Thread exited: 0x00000137691efe20
Event: 4079.612 Thread 0x0000013768ce7430 Thread exited: 0x0000013768ce7430
Event: 4081.913 Thread 0x00000137691f1860 Thread exited: 0x00000137691f1860
Event: 4081.913 Thread 0x00000137691f32a0 Thread exited: 0x00000137691f32a0
Event: 4081.914 Thread 0x00000137691ed030 Thread exited: 0x00000137691ed030


Dynamic libraries:
0x00007ff721eb0000 - 0x00007ff721ec0000 	C:\Tools\Java\jdk-23\bin\javaw.exe
0x00007ff993c60000 - 0x00007ff993ec7000 	C:\WINDOWS\SYSTEM32\ntdll.dll
0x00007ff991b90000 - 0x00007ff991c59000 	C:\WINDOWS\System32\KERNEL32.DLL
0x00007ff990e40000 - 0x00007ff991230000 	C:\WINDOWS\System32\KERNELBASE.dll
0x00007ff9918a0000 - 0x00007ff9919eb000 	C:\WINDOWS\System32\ucrtbase.dll
0x00007ff982a40000 - 0x00007ff982a5b000 	C:\Tools\Java\jdk-23\bin\VCRUNTIME140.dll
0x00007ff980630000 - 0x00007ff980647000 	C:\Tools\Java\jdk-23\bin\jli.dll
0x00007ff992d80000 - 0x00007ff992f45000 	C:\WINDOWS\System32\USER32.dll
0x00007ff976680000 - 0x00007ff97691a000 	C:\WINDOWS\WinSxS\amd64_microsoft.windows.common-controls_6595b64144ccf1df_6.0.26100.4768_none_3e0c112ce331287c\COMCTL32.dll
0x00007ff991870000 - 0x00007ff991897000 	C:\WINDOWS\System32\win32u.dll
0x00007ff993ae0000 - 0x00007ff993b89000 	C:\WINDOWS\System32\msvcrt.dll
0x00007ff9921a0000 - 0x00007ff9921cb000 	C:\WINDOWS\System32\GDI32.dll
0x00007ff991450000 - 0x00007ff991588000 	C:\WINDOWS\System32\gdi32full.dll
0x00007ff990d90000 - 0x00007ff990e33000 	C:\WINDOWS\System32\msvcp_win.dll
0x00007ff991a00000 - 0x00007ff991a2f000 	C:\WINDOWS\System32\IMM32.DLL
0x00007ff9841a0000 - 0x00007ff9841ac000 	C:\Tools\Java\jdk-23\bin\vcruntime140_1.dll
0x00007ff937080000 - 0x00007ff93710e000 	C:\Tools\Java\jdk-23\bin\msvcp140.dll
0x00007ff8fb350000 - 0x00007ff8fc0a0000 	C:\Tools\Java\jdk-23\bin\server\jvm.dll
0x00007ff992390000 - 0x00007ff992444000 	C:\WINDOWS\System32\ADVAPI32.dll
0x00007ff992850000 - 0x00007ff9928f6000 	C:\WINDOWS\System32\sechost.dll
0x00007ff992900000 - 0x00007ff992a18000 	C:\WINDOWS\System32\RPCRT4.dll
0x00007ff992610000 - 0x00007ff992684000 	C:\WINDOWS\System32\WS2_32.dll
0x00007ff990bf0000 - 0x00007ff990c4e000 	C:\WINDOWS\SYSTEM32\POWRPROF.dll
0x00007ff985300000 - 0x00007ff985335000 	C:\WINDOWS\SYSTEM32\WINMM.dll
0x00007ff988f20000 - 0x00007ff988f2b000 	C:\WINDOWS\SYSTEM32\VERSION.dll
0x00007ff990bd0000 - 0x00007ff990be4000 	C:\WINDOWS\SYSTEM32\UMPDC.dll
0x00007ff98fb10000 - 0x00007ff98fb2b000 	C:\WINDOWS\SYSTEM32\kernel.appcore.dll
0x00007ff982a30000 - 0x00007ff982a3a000 	C:\Tools\Java\jdk-23\bin\jimage.dll
0x00007ff983710000 - 0x00007ff983951000 	C:\WINDOWS\SYSTEM32\DBGHELP.DLL
0x00007ff993750000 - 0x00007ff993ad5000 	C:\WINDOWS\System32\combase.dll
0x00007ff991a40000 - 0x00007ff991b20000 	C:\WINDOWS\System32\OLEAUT32.dll
0x00007ff97ab00000 - 0x00007ff97ab43000 	C:\WINDOWS\SYSTEM32\dbgcore.DLL
0x00007ff991650000 - 0x00007ff9916e9000 	C:\WINDOWS\System32\bcryptPrimitives.dll
0x00007ff977dc0000 - 0x00007ff977dfc000 	C:\Tools\Java\jdk-23\bin\jdwp.dll
0x00007ff9818f0000 - 0x00007ff9818ff000 	C:\Tools\Java\jdk-23\bin\instrument.dll
0x00007ff97e830000 - 0x00007ff97e84e000 	C:\Tools\Java\jdk-23\bin\java.dll
0x00007ff992450000 - 0x00007ff9925f0000 	C:\WINDOWS\System32\ole32.dll
0x00007ff993000000 - 0x00007ff99374d000 	C:\WINDOWS\System32\SHELL32.dll
0x00007ff991240000 - 0x00007ff9913b3000 	C:\WINDOWS\System32\wintypes.dll
0x00007ff98e9b0000 - 0x00007ff98f210000 	C:\WINDOWS\SYSTEM32\windows.storage.dll
0x00007ff9926a0000 - 0x00007ff992795000 	C:\WINDOWS\System32\SHCORE.dll
0x00007ff992220000 - 0x00007ff99228a000 	C:\WINDOWS\System32\shlwapi.dll
0x00007ff990cb0000 - 0x00007ff990cd9000 	C:\WINDOWS\SYSTEM32\profapi.dll
0x00007ff935e00000 - 0x00007ff935ed7000 	C:\Tools\Java\jdk-23\bin\jsvml.dll
0x00007ff980860000 - 0x00007ff98086c000 	C:\Tools\Java\jdk-23\bin\dt_socket.dll
0x00007ff98f520000 - 0x00007ff98f553000 	C:\WINDOWS\SYSTEM32\IPHLPAPI.DLL
0x00007ff9900a0000 - 0x00007ff99010b000 	C:\WINDOWS\system32\mswsock.dll
0x00007ff98f5b0000 - 0x00007ff98f6d6000 	C:\WINDOWS\SYSTEM32\DNSAPI.dll
0x00007ff993c10000 - 0x00007ff993c1a000 	C:\WINDOWS\System32\NSI.dll
0x000000006b330000 - 0x000000006b356000 	C:\Program Files\Bonjour\mdnsNSP.dll
0x00007ff9893f0000 - 0x00007ff9893fb000 	C:\Windows\System32\rasadhlp.dll
0x00007ff985270000 - 0x00007ff9852f6000 	C:\WINDOWS\System32\fwpuclnt.dll
0x00007ff97a440000 - 0x00007ff97a457000 	C:\Tools\Java\jdk-23\bin\zip.dll
0x00007ff97a430000 - 0x00007ff97a440000 	C:\Tools\Java\jdk-23\bin\net.dll
0x00007ff979870000 - 0x00007ff979886000 	C:\Tools\Java\jdk-23\bin\nio.dll
0x00007ff979930000 - 0x00007ff979940000 	C:\Tools\Java\jdk-23\bin\verify.dll
0x00007ff979860000 - 0x00007ff97986a000 	C:\Tools\Java\jdk-23\bin\management.dll
0x00007ff9792a0000 - 0x00007ff9792ab000 	C:\Tools\Java\jdk-23\bin\management_ext.dll
0x00007ff9919f0000 - 0x00007ff9919f8000 	C:\WINDOWS\System32\PSAPI.DLL
0x00007ff979290000 - 0x00007ff97929e000 	C:\Tools\Java\jdk-23\bin\sunmscapi.dll
0x00007ff9916f0000 - 0x00007ff991867000 	C:\WINDOWS\System32\CRYPT32.dll
0x00007ff990580000 - 0x00007ff9905b0000 	C:\WINDOWS\SYSTEM32\ncrypt.dll
0x00007ff990530000 - 0x00007ff99056f000 	C:\WINDOWS\SYSTEM32\NTASN1.dll
0x00007ff990360000 - 0x00007ff99037b000 	C:\WINDOWS\SYSTEM32\CRYPTSP.dll
0x00007ff98fa70000 - 0x00007ff98faab000 	C:\WINDOWS\system32\rsaenh.dll
0x00007ff990140000 - 0x00007ff99016b000 	C:\WINDOWS\SYSTEM32\USERENV.dll
0x00007ff990c80000 - 0x00007ff990ca6000 	C:\WINDOWS\SYSTEM32\bcrypt.dll
0x00007ff990380000 - 0x00007ff99038c000 	C:\WINDOWS\SYSTEM32\CRYPTBASE.dll
0x00007ff979280000 - 0x00007ff979289000 	C:\Tools\Java\jdk-23\bin\extnet.dll
0x00007ff916290000 - 0x00007ff916298000 	C:\WINDOWS\system32\wshunix.dll

dbghelp: loaded successfully - version: 4.0.5 - missing functions: none
symbol engine: initialized successfully - sym options: 0x614 - pdb path: .;C:\Tools\Java\jdk-23\bin;C:\WINDOWS\SYSTEM32;C:\WINDOWS\WinSxS\amd64_microsoft.windows.common-controls_6595b64144ccf1df_6.0.26100.4768_none_3e0c112ce331287c;C:\Tools\Java\jdk-23\bin\server;C:\Program Files\Bonjour

VM Arguments:
jvm_args: -XX:+ShowCodeDetailsInExceptionMessages -agentlib:jdwp=transport=dt_socket,suspend=y,address=localhost:53741 -javaagent:C:\Tools\Eclipse-2025-06\eclipse\configuration\org.eclipse.osgi\442\0\.cp\lib\javaagent-shaded.jar -Dfile.encoding=UTF-8 -Dstdout.encoding=UTF-8 -Dstderr.encoding=UTF-8 
java_command: com.example.auth.AuthServiceApplication
java_class_path (initial): C:\Projects\spring-vue-auth-full\auth-service\target\classes;C:\Users\khoahung\.m2\repository\org\springframework\boot\spring-boot-starter-web\3.3.1\spring-boot-starter-web-3.3.1.jar;C:\Users\khoahung\.m2\repository\org\springframework\boot\spring-boot-starter\3.3.1\spring-boot-starter-3.3.1.jar;C:\Users\khoahung\.m2\repository\org\springframework\boot\spring-boot-starter-logging\3.3.1\spring-boot-starter-logging-3.3.1.jar;C:\Users\khoahung\.m2\repository\ch\qos\logback\logback-classic\1.5.6\logback-classic-1.5.6.jar;C:\Users\khoahung\.m2\repository\ch\qos\logback\logback-core\1.5.6\logback-core-1.5.6.jar;C:\Users\khoahung\.m2\repository\org\apache\logging\log4j\log4j-to-slf4j\2.23.1\log4j-to-slf4j-2.23.1.jar;C:\Users\khoahung\.m2\repository\org\apache\logging\log4j\log4j-api\2.23.1\log4j-api-2.23.1.jar;C:\Users\khoahung\.m2\repository\org\slf4j\jul-to-slf4j\2.0.13\jul-to-slf4j-2.0.13.jar;C:\Users\khoahung\.m2\repository\jakarta\annotation\jakarta.annotation-api\2.1.1\jakarta.annotation-api-2.1.1.jar;C:\Users\khoahung\.m2\repository\org\springframework\spring-core\6.1.10\spring-core-6.1.10.jar;C:\Users\khoahung\.m2\repository\org\springframework\spring-jcl\6.1.10\spring-jcl-6.1.10.jar;C:\Users\khoahung\.m2\repository\org\yaml\snakeyaml\2.2\snakeyaml-2.2.jar;C:\Users\khoahung\.m2\repository\org\springframework\boot\spring-boot-starter-json\3.3.1\spring-boot-starter-json-3.3.1.jar;C:\Users\khoahung\.m2\repository\com\fasterxml\jackson\datatype\jackson-datatype-jdk8\2.17.1\jackson-datatype-jdk8-2.17.1.jar;C:\Users\khoahung\.m2\repository\com\fasterxml\jackson\datatype\jackson-datatype-jsr310\2.17.1\jackson-datatype-jsr310-2.17.1.jar;C:\Users\khoahung\.m2\repository\com\fasterxml\jackson\module\jackson-module-parameter-names\2.17.1\jackson-module-parameter-names-2.17.1.jar;C:\Users\khoahung\.m2\repository\org\springframework\boot\spring-boot-starter-tomcat\3.3.1\spring-boot-starter-tomcat-3.3.1.jar;C:\Users\khoahung\.m2\repository\org\apache\tomcat\embed\tomcat-embed-core\10.1.25\tomcat-embed-core-10.1.25.jar;C:\Users\khoahung\.m2\repository\org\apache\tomcat\embed\tomcat-embed-websocket\10.1.25\tomcat-embed-websocket-10.1.25.jar;C:\Users\khoahung\.m2\repository\org\springframework\spring-web\6.1.10\spring-web-6.1.10.jar;C:\Users\khoahung\.m2\repository\org\springframework\spring-beans\6.1.10\spring-beans-6.1.10.jar;C:\Users\khoahung\.m2\repository\io\micrometer\micrometer-observation\1.13.1\micrometer-observation-1.13.1.jar;C:\Users\khoahung\.m2\repository\io\micrometer\micrometer-commons\1.13.1\micrometer-commons-1.13.1.jar;C:\Users\khoahung\.m2\repository\org\springframework\spring-webmvc\6.1.10\spring-webmvc-6.1.10.jar;C:\Users\khoahung\.m2\repository\org\springframework\spring-context\6.1.10\spring-context-6.1.10.jar;C:\Users\khoahung\.m2\repository\org\springframework\spring-expression\6.1.10\spring-expression-6.1.10.jar;C:\Users\khoahung\.m2\repository\org\springframework\boot\spring-boot-starter-validation\3.3.1\spring-boot-starter-validation-3.3.1.jar;C:\Users\khoahung\.m2\repository\org\apache\tomcat\embed\tomcat-embed-el\10.1.25\tomcat-embed-el-10.1.25.jar;C:\Users\khoahung\.m2\repository\org\hibernate\validator\hibernate-validator\8.0.1.Final\hibernate-validator-8.0.1.Final.jar;C:\Users\khoahung\.m2\repository\jakarta\validation\jakarta.validation-api\3.0.2\jakarta.validation-api-3.0.2.jar;C:\Users\khoahung\.m2\repository\org\jboss\logging\jboss-logging\3.5.3.Final\jboss-logging-3.5.3.Final.jar;C:\Users\khoahung\.m2\repository\com\fasterxml\classmate\1.7.0\classmate-1.7.0.jar;C:\Users\khoahung\.m2\repository\org\springframework\boot\spring-boot-starter-security\3.3.1\spring-boot-starter-security-3.3.1.jar;C:\Users\khoahung\.m2\repository\org\springframework\spring-aop\6.1.10\spring-aop-6.1.10.jar;C:\Users\khoahung\.m2\repository\org\springframework\security\spring-security-config\6.3.1\spring-security-config-6.3.1.jar;C:\Users\khoahung\.m2\repository\org\springframework\security\spring-security-core\6.3.1\spring-security-core-6.3.1.jar;C:\Users\khoahung\.m2\repository\org\springframework\security\spring-security-crypto\6.3.1\spring-security-crypto-6.3.1.jar;C:\Users\khoahung\.m2\repository\org\springframework\security\spring-security-web\6.3.1\spring-security-web-6.3.1.jar;C:\Users\khoahung\.m2\repository\org\springframework\boot\spring-boot-starter-data-jpa\3.3.1\spring-boot-starter-data-jpa-3.3.1.jar;C:\Users\khoahung\.m2\repository\org\springframework\boot\spring-boot-starter-aop\3.3.1\spring-boot-starter-aop-3.3.1.jar;C:\Users\khoahung\.m2\repository\org\aspectj\aspectjweaver\1.9.22\aspectjweaver-1.9.22.jar;C:\Users\khoahung\.m2\repository\org\springframework\boot\spring-boot-starter-jdbc\3.3.1\spring-boot-starter-jdbc-3.3.1.jar;C:\Users\khoahung\.m2\repository\com\zaxxer\HikariCP\5.1.0\HikariCP-5.1.0.jar;C:\Users\khoahung\.m2\repository\org\springframework\spring-jdbc\6.1.10\spring-jdbc-6.1.10.jar;C:\Users\khoahung\.m2\repository\org\hibernate\orm\hibernate-core\6.5.2.Final\hibernate-core-6.5.2.Final.jar;C:\Users\khoahung\.m2\repository\jakarta\persistence\jakarta.persistence-api\3.1.0\jakarta.persistence-api-3.1.0.jar;C:\Users\khoahung\.m2\repository\jakarta\transaction\jakarta.transaction-api\2.0.1\jakarta.transaction-api-2.0.1.jar;C:\Users\khoahung\.m2\repository\org\hibernate\common\hibernate-commons-annotations\6.0.6.Final\hibernate-commons-annotations-6.0.6.Final.jar;C:\Users\khoahung\.m2\repository\io\smallrye\jandex\3.1.2\jandex-3.1.2.jar;C:\Users\khoahung\.m2\repository\net\bytebuddy\byte-buddy\1.14.17\byte-buddy-1.14.17.jar;C:\Users\khoahung\.m2\repository\jakarta\xml\bind\jakarta.xml.bind-api\4.0.2\jakarta.xml.bind-api-4.0.2.jar;C:\Users\khoahung\.m2\repository\jakarta\activation\jakarta.activation-api\2.1.3\jakarta.activation-api-2.1.3.jar;C:\Users\khoahung\.m2\repository\org\glassfish\jaxb\jaxb-runtime\4.0.5\jaxb-runtime-4.0.5.jar;C:\Users\khoahung\.m2\repository\org\glassfish\jaxb\jaxb-core\4.0.5\jaxb-core-4.0.5.jar;C:\Users\khoahung\.m2\repository\org\eclipse\angus\angus-activation\2.0.2\angus-activation-2.0.2.jar;C:\Users\khoahung\.m2\repository\org\glassfish\jaxb\txw2\4.0.5\txw2-4.0.5.jar;C:\Users\khoahung\.m2\repository\com\sun\istack\istack-commons-runtime\4.1.2\istack-commons-runtime-4.1.2.jar;C:\Users\khoahung\.m2\repository\jakarta\inject\jakarta.inject-api\2.0.1\jakarta.inject-api-2.0.1.jar;C:\Users\khoahung\.m2\repository\org\antlr\antlr4-runtime\4.13.0\antlr4-runtime-4.13.0.jar;C:\Users\khoahung\.m2\repository\org\springframework\data\spring-data-jpa\3.3.1\spring-data-jpa-3.3.1.jar;C:\Users\khoahung\.m2\repository\org\springframework\data\spring-data-commons\3.3.1\spring-data-commons-3.3.1.jar;C:\Users\khoahung\.m2\repository\org\springframework\spring-orm\6.1.10\spring-orm-6.1.10.jar;C:\Users\khoahung\.m2\repository\org\springframework\spring-tx\6.1.10\spring-tx-6.1.10.jar;C:\Users\khoahung\.m2\repository\org\slf4j\slf4j-api\2.0.13\slf4j-api-2.0.13.jar;C:\Users\khoahung\.m2\repository\org\springframework\spring-aspects\6.1.10\spring-aspects-6.1.10.jar;C:\Users\khoahung\.m2\repository\com\h2database\h2\2.2.224\h2-2.2.224.jar;C:\Users\khoahung\.m2\repository\io\jsonwebtoken\jjwt-api\0.12.5\jjwt-api-0.12.5.jar;C:\Users\khoahung\.m2\repository\io\jsonwebtoken\jjwt-impl\0.12.5\jjwt-impl-0.12.5.jar;C:\Users\khoahung\.m2\repository\io\jsonwebtoken\jjwt-jackson\0.12.5\jjwt-jackson-0.12.5.jar;C:\Users\khoahung\.m2\repository\com\fasterxml\jackson\core\jackson-databind\2.17.1\jackson-databind-2.17.1.jar;C:\Users\khoahung\.m2\repository\com\fasterxml\jackson\core\jackson-annotations\2.17.1\jackson-annotations-2.17.1.jar;C:\Users\khoahung\.m2\repository\com\fasterxml\jackson\core\jackson-core\2.17.1\jackson-core-2.17.1.jar;C:\Users\khoahung\.m2\repository\org\springframework\boot\spring-boot-devtools\3.3.1\spring-boot-devtools-3.3.1.jar;C:\Users\khoahung\.m2\repository\org\springframework\boot\spring-boot\3.3.1\spring-boot-3.3.1.jar;C:\Users\khoahung\.m2\repository\org\springframework\boot\spring-boot-autoconfigure\3.3.1\spring-boot-autoconfigure-3.3.1.jar
Launcher Type: SUN_STANDARD

[Global flags]
     intx CICompilerCount                          = 4                                         {product} {ergonomic}
     uint ConcGCThreads                            = 2                                         {product} {ergonomic}
     uint G1ConcRefinementThreads                  = 8                                         {product} {ergonomic}
   size_t G1HeapRegionSize                         = 2097152                                   {product} {ergonomic}
   size_t InitialHeapSize                          = 268435456                                 {product} {ergonomic}
   size_t MarkStackSize                            = 4194304                                   {product} {ergonomic}
   size_t MarkStackSizeMax                         = 536870912                                 {product} {ergonomic}
   size_t MaxHeapSize                              = 4271898624                                {product} {ergonomic}
   size_t MaxNewSize                               = 2562719744                                {product} {ergonomic}
   size_t MinHeapDeltaBytes                        = 2097152                                   {product} {ergonomic}
   size_t MinHeapSize                              = 8388608                                   {product} {ergonomic}
    uintx NonNMethodCodeHeapSize                   = 5832704                                {pd product} {ergonomic}
    uintx NonProfiledCodeHeapSize                  = 122945536                              {pd product} {ergonomic}
    uintx ProfiledCodeHeapSize                     = 122880000                              {pd product} {ergonomic}
    uintx ReservedCodeCacheSize                    = 251658240                              {pd product} {ergonomic}
     bool SegmentedCodeCache                       = true                                      {product} {ergonomic}
     bool ShowCodeDetailsInExceptionMessages       = true                                   {manageable} {command line}
   size_t SoftMaxHeapSize                          = 4271898624                             {manageable} {ergonomic}
     bool UseCompressedOops                        = true                           {product lp64_product} {ergonomic}
     bool UseG1GC                                  = true                                      {product} {ergonomic}
     bool UseLargePagesIndividualAllocation        = false                                  {pd product} {ergonomic}

Logging:
Log output configuration:
 #0: stdout all=warning uptime,level,tags foldmultilines=false
 #1: stderr all=off uptime,level,tags foldmultilines=false

Environment Variables:
JAVA_HOME=C:\Tools\Java\jdk-23
PATH=C:/Users/khoahung/.p2/pool/plugins/org.eclipse.justj.openjdk.hotspot.jre.full.win32.x86_64_21.0.7.v20250502-0916/jre/bin/server;C:/Users/khoahung/.p2/pool/plugins/org.eclipse.justj.openjdk.hotspot.jre.full.win32.x86_64_21.0.7.v20250502-0916/jre/bin;C:\Program Files\Common Files\Oracle\Java\javapath;C:\Program Files (x86)\Common Files\Oracle\Java\java8path;C:\Program Files (x86)\Common Files\Oracle\Java\javapath;C:\WINDOWS\system32;C:\WINDOWS;C:\WINDOWS\System32\Wbem;C:\WINDOWS\System32\WindowsPowerShell\v1.0\;C:\WINDOWS\System32\OpenSSH\;C:\Program Files\Git\cmd;C:\Users\khoahung\anaconda3\condabin;C:\Program Files (x86)\Bitvise SSH Client;C:\Tools\llvm-mingw-20250528-msvcrt-i686\llvm-mingw-20250528-msvcrt-i686\bin;C:\Tools\Java\jdk-23\bin;C:\KHOAHUNG\Projects\birt-runtime\ReportEngine;C:\Tools\apache-maven-3.9.10\bin;C:\Tools\apache-maven-3.9.10\bin;C:\Program Files\PuTTY\;C:\Users\khoahung\AppData\Local\Programs\Python\Python313;C:\Users\khoahung\AppData\Local\Programs\Python\Python313\Scripts;C:\Program Files\Git LFS;C:\Android;C:\Windows\System32;C:\Users\khoahung\AppData\Local\nvm;C:\nvm4w\nodejs;C:\Users\khoah\AppData\Local\Programs\Python\Python313\Scripts\;C:\Users\khoah\AppData\Local\Programs\Python\Python313\;C:\Users\khoah\AppData\Local\Programs\Python\Launcher\;C:\Users\khoahung\AppData\Local\Microsoft\WindowsApps;C:\Users\khoahung\AppData\Local\Programs\Microsoft VS Code\bin;C:\Users\khoahung\AppData\Local\nvm;C:\nvm4w\nodejs;C:\WINDOWS\System32;
USERNAME=khoah
OS=Windows_NT
PROCESSOR_IDENTIFIER=Intel64 Family 6 Model 70 Stepping 1, GenuineIntel
TMP=C:\Users\khoahung\AppData\Local\Temp
TEMP=C:\Users\khoahung\AppData\Local\Temp




Periodic native trim disabled

---------------  S Y S T E M  ---------------

OS:
 Windows 11 , 64 bit Build 26100 (10.0.26100.4768)
OS uptime: 0 days 6:36 hours

CPU: total 8 (initial active 8) (4 cores per cpu, 2 threads per core) family 6 model 70 stepping 1 microcode 0x1c, cx8, cmov, fxsr, ht, mmx, sse, sse2, sse3, ssse3, sse4.1, sse4.2, popcnt, lzcnt, tsc, tscinvbit, avx, avx2, aes, erms, clmul, bmi1, bmi2, fma, vzeroupper, clflush, rdtscp, f16c
Processor Information for the first 8 processors :
  Max Mhz: 2501, Current Mhz: 2501, Mhz Limit: 2501

Memory: 4k page, system-wide physical 16292M (7529M free)
TotalPageFile size 17316M (AvailPageFile size 5551M)
current process WorkingSet (physical memory assigned to process): 310M, peak: 385M
current process commit charge ("private bytes"): 369M, peak: 444M

vm_info: Java HotSpot(TM) 64-Bit Server VM (23.0.2+7-58) for windows-amd64 JRE (23.0.2+7-58), built on 2024-11-29T09:34:55Z with MS VC++ 17.6 (VS2022)

END.
